"../../../Engine/Content/EngineMaterials/T_Default_Material_Grid_N.uasset" 0
"../../../Engine/Content/EngineMaterials/T_Default_Material_Grid_N.uexp" 1
"../../../Engine/Content/EngineMaterials/T_Default_Material_Grid_N.ubulk" 2
"../../../Engine/Content/EngineMaterials/T_Default_Material_Grid_M.uasset" 3
"../../../Engine/Content/EngineMaterials/T_Default_Material_Grid_M.uexp" 4
"../../../Engine/Content/EngineMaterials/T_Default_Material_Grid_M.ubulk" 5
"../../../Engine/Content/Functions/Engine_MaterialFunctions01/Opacity/CameraDepthFade.uasset" 6
"../../../Engine/Content/Functions/Engine_MaterialFunctions01/Opacity/CameraDepthFade.uexp" 7
"../../../Engine/Content/EngineMaterials/WorldGridMaterial.uasset" 8
"../../../Engine/Content/EngineMaterials/WorldGridMaterial.uexp" 9
"../../../Engine/Content/ArtTools/RenderToTexture/Meshes/S_1_Unit_Plane.uasset" 10
"../../../Engine/Content/ArtTools/RenderToTexture/Meshes/S_1_Unit_Plane.uexp" 11
"../../../Engine/Content/EngineMaterials/DefaultMaterial.uasset" 12
"../../../Engine/Content/EngineMaterials/DefaultMaterial.uexp" 13
"../../../Engine/Content/BasicShapes/Cone.uasset" 14
"../../../Engine/Content/BasicShapes/Cone.uexp" 15
"../../../Engine/Content/BasicShapes/Cube.uasset" 16
"../../../Engine/Content/BasicShapes/Cube.uexp" 17
"../../../Engine/Content/BasicShapes/Plane.uasset" 18
"../../../Engine/Content/BasicShapes/Plane.uexp" 19
"../../../Engine/Content/BasicShapes/Sphere.uasset" 20
"../../../Engine/Content/BasicShapes/Sphere.uexp" 21
"../../../Engine/Content/EditorLandscapeResources/DataLayer.uasset" 22
"../../../Engine/Content/EditorLandscapeResources/DataLayer.uexp" 23
"../../../Engine/Content/EditorLandscapeResources/DefaultAlphaTexture.uasset" 24
"../../../Engine/Content/EditorLandscapeResources/DefaultAlphaTexture.uexp" 25
"../../../Engine/Content/EditorMaterials/MAT_Groups_Toggle.uasset" 26
"../../../Engine/Content/EditorMaterials/MAT_Groups_Toggle.uexp" 27
"../../../Engine/Content/EditorMaterials/MAT_Groups_Visibility.uasset" 28
"../../../Engine/Content/EditorMaterials/MAT_Groups_Visibility.uexp" 29
"../../../Engine/Content/EditorMaterials/PreviewShadowIndicator.uasset" 30
"../../../Engine/Content/EditorMaterials/PreviewShadowIndicator.uexp" 31
"../../../Engine/Content/EditorMaterials/PreviewShadowIndicator.ubulk" 32
"../../../Engine/Content/EditorMaterials/PreviewShadowIndicatorMaterial.uasset" 33
"../../../Engine/Content/EditorMaterials/PreviewShadowIndicatorMaterial.uexp" 34
"../../../Engine/Content/EditorMaterials/MatineeGroups/MAT_ColorTrack.uasset" 35
"../../../Engine/Content/EditorMaterials/MatineeGroups/MAT_ColorTrack.uexp" 36
"../../../Engine/Content/EditorMaterials/MatineeGroups/MAT_Groups_Anim.uasset" 37
"../../../Engine/Content/EditorMaterials/MatineeGroups/MAT_Groups_Anim.uexp" 38
"../../../Engine/Content/EditorMaterials/MatineeGroups/MAT_Groups_AudioMaster.uasset" 39
"../../../Engine/Content/EditorMaterials/MatineeGroups/MAT_Groups_AudioMaster.uexp" 40
"../../../Engine/Content/EditorMaterials/MatineeGroups/MAT_Groups_Director.uasset" 41
"../../../Engine/Content/EditorMaterials/MatineeGroups/MAT_Groups_Director.uexp" 42
"../../../Engine/Content/EditorMaterials/MatineeGroups/MAT_Groups_Event.uasset" 43
"../../../Engine/Content/EditorMaterials/MatineeGroups/MAT_Groups_Event.uexp" 44
"../../../Engine/Content/EditorMaterials/MatineeGroups/MAT_Groups_Fade.uasset" 45
"../../../Engine/Content/EditorMaterials/MatineeGroups/MAT_Groups_Fade.uexp" 46
"../../../Engine/Content/EditorMaterials/MatineeGroups/MAT_Groups_Float.uasset" 47
"../../../Engine/Content/EditorMaterials/MatineeGroups/MAT_Groups_Float.uexp" 48
"../../../Engine/Content/EditorMaterials/MatineeGroups/MAT_Groups_Move.uasset" 49
"../../../Engine/Content/EditorMaterials/MatineeGroups/MAT_Groups_Move.uexp" 50
"../../../Engine/Content/EditorMaterials/MatineeGroups/MAT_Groups_Slomo.uasset" 51
"../../../Engine/Content/EditorMaterials/MatineeGroups/MAT_Groups_Slomo.uexp" 52
"../../../Engine/Content/EditorMaterials/MatineeGroups/MAT_Groups_Sound.uasset" 53
"../../../Engine/Content/EditorMaterials/MatineeGroups/MAT_Groups_Sound.uexp" 54
"../../../Engine/Content/EditorMaterials/MatineeGroups/MAT_Groups_Vector.uasset" 55
"../../../Engine/Content/EditorMaterials/MatineeGroups/MAT_Groups_Vector.uexp" 56
"../../../Engine/Content/EditorMaterials/ParticleSystems/PSysThumbnail_NoImage.uasset" 57
"../../../Engine/Content/EditorMaterials/ParticleSystems/PSysThumbnail_NoImage.uexp" 58
"../../../Engine/Content/EditorMaterials/ParticleSystems/PSysThumbnail_NoImage.ubulk" 59
"../../../Engine/Content/EditorMaterials/ParticleSystems/PSysThumbnail_OOD.uasset" 60
"../../../Engine/Content/EditorMaterials/ParticleSystems/PSysThumbnail_OOD.uexp" 61
"../../../Engine/Content/EditorMaterials/ParticleSystems/PSysThumbnail_OOD.ubulk" 62
"../../../Engine/Content/EditorMaterials/Camera/CineMat.uasset" 63
"../../../Engine/Content/EditorMaterials/Camera/CineMat.uexp" 64
"../../../Engine/Content/EditorMaterials/Camera/MI_CineMat_Rig.uasset" 65
"../../../Engine/Content/EditorMaterials/Camera/MI_CineMat_Rig.uexp" 66
"../../../Engine/Content/EditorMeshes/Camera/SM_CraneRig_Arm.uasset" 67
"../../../Engine/Content/EditorMeshes/Camera/SM_CraneRig_Arm.uexp" 68
"../../../Engine/Content/EditorMeshes/Camera/SM_CraneRig_Base.uasset" 69
"../../../Engine/Content/EditorMeshes/Camera/SM_CraneRig_Base.uexp" 70
"../../../Engine/Content/EditorMeshes/Camera/SM_CraneRig_Body.uasset" 71
"../../../Engine/Content/EditorMeshes/Camera/SM_CraneRig_Body.uexp" 72
"../../../Engine/Content/EditorMeshes/Camera/SM_CraneRig_Mount.uasset" 73
"../../../Engine/Content/EditorMeshes/Camera/SM_CraneRig_Mount.uexp" 74
"../../../Engine/Content/EditorMeshes/Camera/SM_RailRig_Mount.uasset" 75
"../../../Engine/Content/EditorMeshes/Camera/SM_RailRig_Mount.uexp" 76
"../../../Engine/Content/EditorMeshes/Camera/SM_RailRig_Track.uasset" 77
"../../../Engine/Content/EditorMeshes/Camera/SM_RailRig_Track.uexp" 78
"../../../Engine/Content/EditorResources/BSPVertex.uasset" 79
"../../../Engine/Content/EditorResources/BSPVertex.uexp" 80
"../../../Engine/Content/EditorResources/EmptyActor.uasset" 81
"../../../Engine/Content/EditorResources/EmptyActor.uexp" 82
"../../../Engine/Content/EditorResources/S_Actor.uasset" 83
"../../../Engine/Content/EditorResources/S_Actor.uexp" 84
"../../../Engine/Content/EditorResources/S_Actor.ubulk" 85
"../../../Engine/Content/EditorResources/S_Note.uasset" 86
"../../../Engine/Content/EditorResources/S_Note.uexp" 87
"../../../Engine/Content/EditorResources/S_Note.ubulk" 88
"../../../Engine/Content/EditorResources/S_Solver.uasset" 89
"../../../Engine/Content/EditorResources/S_Solver.uexp" 90
"../../../Engine/Content/EditorResources/S_Solver.ubulk" 91
"../../../Engine/Content/EditorResources/S_Terrain.uasset" 92
"../../../Engine/Content/EditorResources/S_Terrain.uexp" 93
"../../../Engine/Content/EditorResources/S_Terrain.ubulk" 94
"../../../Engine/Content/EditorResources/S_Trigger.uasset" 95
"../../../Engine/Content/EditorResources/S_Trigger.uexp" 96
"../../../Engine/Content/EditorResources/S_Trigger.ubulk" 97
"../../../Engine/Content/EditorResources/AudioIcons/S_AudioComponent_AutoActivate.uasset" 98
"../../../Engine/Content/EditorResources/AudioIcons/S_AudioComponent_AutoActivate.uexp" 99
"../../../Engine/Content/EditorResources/AudioIcons/S_AudioComponent_AutoActivate.ubulk" 100
"../../../Engine/Content/EditorResources/LightIcons/S_LightError.uasset" 101
"../../../Engine/Content/EditorResources/LightIcons/S_LightError.uexp" 102
"../../../Engine/Content/EditorResources/SequenceRecorder/Countdown.uasset" 103
"../../../Engine/Content/EditorResources/SequenceRecorder/Countdown.uexp" 104
"../../../Engine/Content/EditorResources/SequenceRecorder/RecordingIndicator.uasset" 105
"../../../Engine/Content/EditorResources/SequenceRecorder/RecordingIndicator.uexp" 106
"../../../Engine/Content/EngineDamageTypes/DmgTypeBP_Environmental.uasset" 107
"../../../Engine/Content/EngineDamageTypes/DmgTypeBP_Environmental.uexp" 108
"../../../Engine/Content/EngineDebugMaterials/DebugEditorMaterial.uasset" 109
"../../../Engine/Content/EngineDebugMaterials/DebugEditorMaterial.uexp" 110
"../../../Engine/Content/EngineDebugMaterials/DebugMeshMaterial.uasset" 111
"../../../Engine/Content/EngineDebugMaterials/DebugMeshMaterial.uexp" 112
"../../../Engine/Content/EngineDebugMaterials/M_SimpleUnlitTranslucent.uasset" 113
"../../../Engine/Content/EngineDebugMaterials/M_SimpleUnlitTranslucent.uexp" 114
"../../../Engine/Content/EngineDebugMaterials/VolumeToRender.uasset" 115
"../../../Engine/Content/EngineDebugMaterials/VolumeToRender.uexp" 116
"../../../Engine/Content/Functions/Engine_MaterialFunctions02/Utility/CameraDirectionVector.uasset" 117
"../../../Engine/Content/Functions/Engine_MaterialFunctions02/Utility/CameraDirectionVector.uexp" 118
"../../../Engine/Content/EngineDebugMaterials/M_VolumeRenderSphereTracePP.uasset" 119
"../../../Engine/Content/EngineDebugMaterials/M_VolumeRenderSphereTracePP.uexp" 120
"../../../Engine/Content/Functions/Engine_MaterialFunctions01/Shading/ConvertFromDiffSpec.uasset" 121
"../../../Engine/Content/Functions/Engine_MaterialFunctions01/Shading/ConvertFromDiffSpec.uexp" 122
"../../../Engine/Content/EngineDebugMaterials/VertexColorMaterial.uasset" 123
"../../../Engine/Content/EngineDebugMaterials/VertexColorMaterial.uexp" 124
"../../../Engine/Content/EngineDebugMaterials/WireframeMaterial.uasset" 125
"../../../Engine/Content/EngineDebugMaterials/WireframeMaterial.uexp" 126
"../../../Engine/Content/EngineFonts/Faces/RobotoRegular.uasset" 127
"../../../Engine/Content/EngineFonts/Faces/RobotoRegular.uexp" 128
"../../../Engine/Content/EngineFonts/Faces/RobotoRegular.ufont" 129
"../../../Engine/Content/EngineFonts/Faces/RobotoLight.uasset" 130
"../../../Engine/Content/EngineFonts/Faces/RobotoLight.uexp" 131
"../../../Engine/Content/EngineFonts/Faces/RobotoLight.ufont" 132
"../../../Engine/Content/EngineFonts/Faces/RobotoItalic.uasset" 133
"../../../Engine/Content/EngineFonts/Faces/RobotoItalic.uexp" 134
"../../../Engine/Content/EngineFonts/Faces/RobotoItalic.ufont" 135
"../../../Engine/Content/EngineFonts/Faces/RobotoBoldItalic.uasset" 136
"../../../Engine/Content/EngineFonts/Faces/RobotoBoldItalic.uexp" 137
"../../../Engine/Content/EngineFonts/Faces/RobotoBoldItalic.ufont" 138
"../../../Engine/Content/EngineFonts/Faces/RobotoBold.uasset" 139
"../../../Engine/Content/EngineFonts/Faces/RobotoBold.uexp" 140
"../../../Engine/Content/EngineFonts/Faces/RobotoBold.ufont" 141
"../../../Engine/Content/EngineFonts/Faces/DroidSansFallback.uasset" 142
"../../../Engine/Content/EngineFonts/Faces/DroidSansFallback.uexp" 143
"../../../Engine/Content/EngineFonts/Faces/DroidSansFallback.ufont" 144
"../../../Engine/Content/EngineFonts/Roboto.uasset" 145
"../../../Engine/Content/EngineFonts/Roboto.uexp" 146
"../../../Engine/Content/EngineMaterials/BaseFlattenNormalMap.uasset" 147
"../../../Engine/Content/EngineMaterials/BaseFlattenNormalMap.uexp" 148
"../../../Engine/Content/EngineMaterials/BaseFlattenGrayscaleMap.uasset" 149
"../../../Engine/Content/EngineMaterials/BaseFlattenGrayscaleMap.uexp" 150
"../../../Engine/Content/EngineMaterials/BaseFlattenEmissiveMap.uasset" 151
"../../../Engine/Content/EngineMaterials/BaseFlattenEmissiveMap.uexp" 152
"../../../Engine/Content/EngineMaterials/BaseFlattenDiffuseMap.uasset" 153
"../../../Engine/Content/EngineMaterials/BaseFlattenDiffuseMap.uexp" 154
"../../../Engine/Content/EngineMaterials/BaseFlattenMaterial.uasset" 155
"../../../Engine/Content/EngineMaterials/BaseFlattenMaterial.uexp" 156
"../../../Engine/Content/EngineMaterials/BlueNoise.uasset" 157
"../../../Engine/Content/EngineMaterials/BlueNoise.uexp" 158
"../../../Engine/Content/EngineMaterials/DefaultBloomKernel.uasset" 159
"../../../Engine/Content/EngineMaterials/DefaultBloomKernel.uexp" 160
"../../../Engine/Content/EngineMaterials/DefaultBokeh.uasset" 161
"../../../Engine/Content/EngineMaterials/DefaultBokeh.uexp" 162
"../../../Engine/Content/EngineMaterials/DefaultDiffuse.uasset" 163
"../../../Engine/Content/EngineMaterials/DefaultDiffuse.uexp" 164
"../../../Engine/Content/EngineMaterials/DefaultDiffuse.ubulk" 165
"../../../Engine/Content/EngineMaterials/DefaultDeferredDecalMaterial.uasset" 166
"../../../Engine/Content/EngineMaterials/DefaultDeferredDecalMaterial.uexp" 167
"../../../Engine/Content/EngineMaterials/DefaultLightFunctionMaterial.uasset" 168
"../../../Engine/Content/EngineMaterials/DefaultLightFunctionMaterial.uexp" 169
"../../../Engine/Content/EngineMaterials/DefaultPhysicalMaterial.uasset" 170
"../../../Engine/Content/EngineMaterials/DefaultPhysicalMaterial.uexp" 171
"../../../Engine/Content/Functions/Engine_MaterialFunctions02/Utility/BreakOutFloat2Components.uasset" 172
"../../../Engine/Content/Functions/Engine_MaterialFunctions02/Utility/BreakOutFloat2Components.uexp" 173
"../../../Engine/Content/EngineMaterials/DefaultPostProcessMaterial.uasset" 174
"../../../Engine/Content/EngineMaterials/DefaultPostProcessMaterial.uexp" 175
"../../../Engine/Content/EngineFonts/RobotoDistanceField.uasset" 176
"../../../Engine/Content/EngineFonts/RobotoDistanceField.uexp" 177
"../../../Engine/Content/EngineMaterials/DefaultTextMaterialOpaque.uasset" 178
"../../../Engine/Content/EngineMaterials/DefaultTextMaterialOpaque.uexp" 179
"../../../Engine/Content/EngineMaterials/DefaultWhiteGrid.uasset" 180
"../../../Engine/Content/EngineMaterials/DefaultWhiteGrid.uexp" 181
"../../../Engine/Content/EngineMaterials/DefaultWhiteGrid.ubulk" 182
"../../../Engine/Content/EngineMaterials/DefaultWhiteGrid_Low.uasset" 183
"../../../Engine/Content/EngineMaterials/DefaultWhiteGrid_Low.uexp" 184
"../../../Engine/Content/EngineMaterials/EmissiveMeshMaterial.uasset" 185
"../../../Engine/Content/EngineMaterials/EmissiveMeshMaterial.uexp" 186
"../../../Engine/Content/EngineMaterials/GizmoMaterial.uasset" 187
"../../../Engine/Content/EngineMaterials/GizmoMaterial.uexp" 188
"../../../Engine/Content/EngineMaterials/Good64x64TilingNoiseHighFreq.uasset" 189
"../../../Engine/Content/EngineMaterials/Good64x64TilingNoiseHighFreq.uexp" 190
"../../../Engine/Content/EngineMaterials/MiniFont.uasset" 191
"../../../Engine/Content/EngineMaterials/MiniFont.uexp" 192
"../../../Engine/Content/EngineMaterials/InvalidLightmapSettings.uasset" 193
"../../../Engine/Content/EngineMaterials/InvalidLightmapSettings.uexp" 194
"../../../Engine/Content/EngineMaterials/InvalidLightmapSettings.ubulk" 195
"../../../Engine/Content/EngineMaterials/M_InvalidLightmapSettings.uasset" 196
"../../../Engine/Content/EngineMaterials/M_InvalidLightmapSettings.uexp" 197
"../../../Engine/Content/Functions/Engine_MaterialFunctions02/WorldPositionOffset/CameraOffset.uasset" 198
"../../../Engine/Content/Functions/Engine_MaterialFunctions02/WorldPositionOffset/CameraOffset.uexp" 199
"../../../Engine/Content/EngineMaterials/PhAT_JointLimitMaterial.uasset" 200
"../../../Engine/Content/EngineMaterials/PhAT_JointLimitMaterial.uexp" 201
"../../../Engine/Content/EngineMaterials/DefaultCalibrationColor.uasset" 202
"../../../Engine/Content/EngineMaterials/DefaultCalibrationColor.uexp" 203
"../../../Engine/Content/EngineMaterials/PPM_DefaultCalibrationColor.uasset" 204
"../../../Engine/Content/EngineMaterials/PPM_DefaultCalibrationColor.uexp" 205
"../../../Engine/Content/EngineMaterials/DefaultCalibrationGrayscale.uasset" 206
"../../../Engine/Content/EngineMaterials/DefaultCalibrationGrayscale.uexp" 207
"../../../Engine/Content/EngineMaterials/PPM_DefaultCalibrationGrayscale.uasset" 208
"../../../Engine/Content/EngineMaterials/PPM_DefaultCalibrationGrayscale.uexp" 209
"../../../Engine/Content/EngineMaterials/PreintegratedSkinBRDF.uasset" 210
"../../../Engine/Content/EngineMaterials/PreintegratedSkinBRDF.uexp" 211
"../../../Engine/Content/EngineMaterials/RemoveSurfaceMaterial.uasset" 212
"../../../Engine/Content/EngineMaterials/RemoveSurfaceMaterial.uexp" 213
"../../../Engine/Content/EngineMaterials/WeightMapPlaceholderTexture.uasset" 214
"../../../Engine/Content/EngineMaterials/WeightMapPlaceholderTexture.uexp" 215
"../../../Engine/Content/EngineResources/WhiteSquareTexture.uasset" 216
"../../../Engine/Content/EngineResources/WhiteSquareTexture.uexp" 217
"../../../Engine/Content/EngineMaterials/Widget3DPassThrough.uasset" 218
"../../../Engine/Content/EngineMaterials/Widget3DPassThrough.uexp" 219
"../../../Engine/Content/EngineMaterials/Widget3DPassThrough_Masked.uasset" 220
"../../../Engine/Content/EngineMaterials/Widget3DPassThrough_Masked.uexp" 221
"../../../Engine/Content/EngineMaterials/Widget3DPassThrough_Opaque.uasset" 222
"../../../Engine/Content/EngineMaterials/Widget3DPassThrough_Opaque.uexp" 223
"../../../Engine/Content/EngineMaterials/Widget3DPassThrough_Masked_OneSided.uasset" 224
"../../../Engine/Content/EngineMaterials/Widget3DPassThrough_Masked_OneSided.uexp" 225
"../../../Engine/Content/EngineMaterials/Widget3DPassThrough_Opaque_OneSided.uasset" 226
"../../../Engine/Content/EngineMaterials/Widget3DPassThrough_Opaque_OneSided.uexp" 227
"../../../Engine/Content/EngineMaterials/Widget3DPassThrough_Translucent.uasset" 228
"../../../Engine/Content/EngineMaterials/Widget3DPassThrough_Translucent.uexp" 229
"../../../Engine/Content/EngineMaterials/Widget3DPassThrough_Translucent_OneSided.uasset" 230
"../../../Engine/Content/EngineMaterials/Widget3DPassThrough_Translucent_OneSided.uexp" 231
"../../../Engine/Content/EngineMeshes/Cylinder.uasset" 232
"../../../Engine/Content/EngineMeshes/Cylinder.uexp" 233
"../../../Engine/Content/EngineMeshes/Sphere.uasset" 234
"../../../Engine/Content/EngineMeshes/Sphere.uexp" 235
"../../../Engine/Content/EngineResources/DefaultTexture.uasset" 236
"../../../Engine/Content/EngineResources/DefaultTexture.uexp" 237
"../../../Engine/Content/EngineResources/DefaultTexture.ubulk" 238
"../../../Engine/Content/EngineResources/DefaultTextureCube.uasset" 239
"../../../Engine/Content/EngineResources/DefaultTextureCube.uexp" 240
"../../../Engine/Content/EngineResources/DefaultVolumeTexture2D.uasset" 241
"../../../Engine/Content/EngineResources/DefaultVolumeTexture2D.uexp" 242
"../../../Engine/Content/EngineResources/DefaultVolumeTexture.uasset" 243
"../../../Engine/Content/EngineResources/DefaultVolumeTexture.uexp" 244
"../../../Engine/Content/EngineResources/GradientTexture0.uasset" 245
"../../../Engine/Content/EngineResources/GradientTexture0.uexp" 246
"../../../Engine/Content/EngineSky/VolumetricClouds/T_NoiseShape64.uasset" 247
"../../../Engine/Content/EngineSky/VolumetricClouds/T_NoiseShape64.uexp" 248
"../../../Engine/Content/EngineSky/VolumetricClouds/T_NoiseShape64.ubulk" 249
"../../../Engine/Content/EngineSky/VolumetricClouds/T_VolumeNoiseShape64.uasset" 250
"../../../Engine/Content/EngineSky/VolumetricClouds/T_VolumeNoiseShape64.uexp" 251
"../../../Engine/Content/EngineSky/VolumetricClouds/T_NoiseErosion.uasset" 252
"../../../Engine/Content/EngineSky/VolumetricClouds/T_NoiseErosion.uexp" 253
"../../../Engine/Content/EngineSky/VolumetricClouds/T_NoiseErosion.ubulk" 254
"../../../Engine/Content/EngineSky/VolumetricClouds/T_VolumeNoiseErosion32.uasset" 255
"../../../Engine/Content/EngineSky/VolumetricClouds/T_VolumeNoiseErosion32.uexp" 256
"../../../Engine/Content/EngineSky/VolumetricClouds/CloudWeatherTexture.uasset" 257
"../../../Engine/Content/EngineSky/VolumetricClouds/CloudWeatherTexture.uexp" 258
"../../../Engine/Content/EngineSky/VolumetricClouds/CloudGradientTexture.uasset" 259
"../../../Engine/Content/EngineSky/VolumetricClouds/CloudGradientTexture.uexp" 260
"../../../Engine/Content/Functions/Engine_MaterialFunctions02/Utility/MakeFloat2.uasset" 261
"../../../Engine/Content/Functions/Engine_MaterialFunctions02/Utility/MakeFloat2.uexp" 262
"../../../Engine/Content/EngineSky/VolumetricClouds/m_SimpleVolumetricCloud.uasset" 263
"../../../Engine/Content/EngineSky/VolumetricClouds/m_SimpleVolumetricCloud.uexp" 264
"../../../Engine/Content/EngineSky/VolumetricClouds/m_SimpleVolumetricCloud_Inst.uasset" 265
"../../../Engine/Content/EngineSky/VolumetricClouds/m_SimpleVolumetricCloud_Inst.uexp" 266
"../../../Engine/Content/EngineSounds/Master.uasset" 267
"../../../Engine/Content/EngineSounds/Master.uexp" 268
"../../../Engine/Content/Functions/Engine_MaterialFunctions01/Shading/PowerToRoughness.uasset" 269
"../../../Engine/Content/Functions/Engine_MaterialFunctions01/Shading/PowerToRoughness.uexp" 270
"../../../Engine/Content/Maps/Templates/Thumbnails/Default.uasset" 271
"../../../Engine/Content/Maps/Templates/Thumbnails/Default.uexp" 272
"../../../Engine/Content/Maps/Templates/Thumbnails/TimeOfDay.uasset" 273
"../../../Engine/Content/Maps/Templates/Thumbnails/TimeOfDay.uexp" 274
"../../../Engine/Content/Maps/Templates/Thumbnails/VR-Basic.uasset" 275
"../../../Engine/Content/Maps/Templates/Thumbnails/VR-Basic.uexp" 276
"../../../Engine/Content/MobileResources/T_MobileControls_texture.uasset" 277
"../../../Engine/Content/MobileResources/T_MobileControls_texture.uexp" 278
"../../../Engine/Content/MobileResources/T_MobileMenu2.uasset" 279
"../../../Engine/Content/MobileResources/T_MobileMenu2.uexp" 280
"../../../Engine/Content/MobileResources/HUD/AnalogHat.uasset" 281
"../../../Engine/Content/MobileResources/HUD/AnalogHat.uexp" 282
"../../../Engine/Content/MobileResources/HUD/VirtualJoystick_Thumb.uasset" 283
"../../../Engine/Content/MobileResources/HUD/VirtualJoystick_Thumb.uexp" 284
"../../../Engine/Content/MobileResources/HUD/VirtualJoystick_Background.uasset" 285
"../../../Engine/Content/MobileResources/HUD/VirtualJoystick_Background.uexp" 286
"../../../Engine/Content/MobileResources/HUD/DefaultVirtualJoysticks.uasset" 287
"../../../Engine/Content/MobileResources/HUD/DefaultVirtualJoysticks.uexp" 288
"../../../Engine/Content/MobileResources/HUD/LeftVirtualJoystickOnly.uasset" 289
"../../../Engine/Content/MobileResources/HUD/LeftVirtualJoystickOnly.uexp" 290
"../../../Engine/Content/MobileResources/HUD/MobileHUDButton1_off.uasset" 291
"../../../Engine/Content/MobileResources/HUD/MobileHUDButton1_off.uexp" 292
"../../../Engine/Content/MobileResources/HUD/MobileHUDButton1_on.uasset" 293
"../../../Engine/Content/MobileResources/HUD/MobileHUDButton1_on.uexp" 294
"../../../Engine/Content/MobileResources/HUD/MobileHUDButton2_off.uasset" 295
"../../../Engine/Content/MobileResources/HUD/MobileHUDButton2_off.uexp" 296
"../../../Engine/Content/MobileResources/HUD/MobileHUDButton2_on.uasset" 297
"../../../Engine/Content/MobileResources/HUD/MobileHUDButton2_on.uexp" 298
"../../../Engine/Content/MobileResources/HUD/MobileHUDButton3.uasset" 299
"../../../Engine/Content/MobileResources/HUD/MobileHUDButton3.uexp" 300
"../../../Engine/Content/MobileResources/HUD/MobileHUDButtonFire.uasset" 301
"../../../Engine/Content/MobileResources/HUD/MobileHUDButtonFire.uexp" 302
"../../../Engine/Content/MobileResources/HUD/MobileHUDDirectionPad.uasset" 303
"../../../Engine/Content/MobileResources/HUD/MobileHUDDirectionPad.uexp" 304
"../../../Engine/Content/MobileResources/HUD/MobileHUDDirectionPad2.uasset" 305
"../../../Engine/Content/MobileResources/HUD/MobileHUDDirectionPad2.uexp" 306
"../../../Engine/Content/MobileResources/HUD/MobileHUDDirectionPad3.uasset" 307
"../../../Engine/Content/MobileResources/HUD/MobileHUDDirectionPad3.uexp" 308
"../../../Engine/Content/MobileResources/HUD/MobileHUDDirectionStick.uasset" 309
"../../../Engine/Content/MobileResources/HUD/MobileHUDDirectionStick.uexp" 310
"../../../Engine/Content/MobileResources/HUD/T_Castle_ThumbstickInner.uasset" 311
"../../../Engine/Content/MobileResources/HUD/T_Castle_ThumbstickInner.uexp" 312
"../../../Engine/Content/MobileResources/HUD/T_Castle_ThumbstickOutter.uasset" 313
"../../../Engine/Content/MobileResources/HUD/T_Castle_ThumbstickOutter.uexp" 314
"../../../Engine/Content/Tutorial/ContentIntroCurve.uasset" 315
"../../../Engine/Content/Tutorial/ContentIntroCurve.uexp" 316
"../../../Engine/Content/VREditor/TransformGizmo/TranslucentTransformGizmoMaterial.uasset" 317
"../../../Engine/Content/VREditor/TransformGizmo/TranslucentTransformGizmoMaterial.uexp" 318
"../../../Engine/Content/VREditor/LaserPointer/VR_LaserPower_01.uasset" 319
"../../../Engine/Content/VREditor/LaserPointer/VR_LaserPower_01.uexp" 320
"../../../Engine/Content/VREditor/LaserPointer/VR_LaserPower_01.ubulk" 321
"../../../Engine/Content/VREditor/TransformGizmo/TransformGizmoMaterial.uasset" 322
"../../../Engine/Content/VREditor/TransformGizmo/TransformGizmoMaterial.uexp" 323
"../../../Engine/Content/VREditor/TransformGizmo/BoundingBoxCorner.uasset" 324
"../../../Engine/Content/VREditor/TransformGizmo/BoundingBoxCorner.uexp" 325
"../../../Engine/Content/VREditor/TransformGizmo/BoundingBoxEdge.uasset" 326
"../../../Engine/Content/VREditor/TransformGizmo/BoundingBoxEdge.uexp" 327
"../../../Engine/Content/VREditor/TransformGizmo/PlaneTranslationHandle.uasset" 328
"../../../Engine/Content/VREditor/TransformGizmo/PlaneTranslationHandle.uexp" 329
"../../../Engine/Content/VREditor/TransformGizmo/Xray.uasset" 330
"../../../Engine/Content/VREditor/TransformGizmo/Xray.uexp" 331
"../../../Engine/Content/VREditor/TransformGizmo/Main.uasset" 332
"../../../Engine/Content/VREditor/TransformGizmo/Main.uexp" 333
"../../../Engine/Content/VREditor/TransformGizmo/SM_Sequencer_Key.uasset" 334
"../../../Engine/Content/VREditor/TransformGizmo/SM_Sequencer_Key.uexp" 335
"../../../Engine/Content/VREditor/TransformGizmo/SM_Sequencer_Node.uasset" 336
"../../../Engine/Content/VREditor/TransformGizmo/SM_Sequencer_Node.uexp" 337
"../../../Engine/Plugins/2D/Paper2D/Content/PlaceholderTextures/DummySpriteTexture.uasset" 338
"../../../Engine/Plugins/2D/Paper2D/Content/PlaceholderTextures/DummySpriteTexture.uexp" 339
"../../../Engine/Plugins/2D/Paper2D/Content/PlaceholderTextures/DummySpriteTexture.ubulk" 340
"../../../Engine/Plugins/2D/Paper2D/Content/DummySprite.uasset" 341
"../../../Engine/Plugins/2D/Paper2D/Content/DummySprite.uexp" 342
"../../../Engine/Plugins/2D/Paper2D/Content/DefaultPaperTerrainMaterial.uasset" 343
"../../../Engine/Plugins/2D/Paper2D/Content/DefaultPaperTerrainMaterial.uexp" 344
"../../../Engine/Plugins/2D/Paper2D/Content/DefaultSpriteMaterial.uasset" 345
"../../../Engine/Plugins/2D/Paper2D/Content/DefaultSpriteMaterial.uexp" 346
"../../../Engine/Plugins/2D/Paper2D/Content/MaskedUnlitSpriteMaterial.uasset" 347
"../../../Engine/Plugins/2D/Paper2D/Content/MaskedUnlitSpriteMaterial.uexp" 348
"../../../Engine/Plugins/2D/Paper2D/Content/OpaqueUnlitSpriteMaterial.uasset" 349
"../../../Engine/Plugins/2D/Paper2D/Content/OpaqueUnlitSpriteMaterial.uexp" 350
"../../../Engine/Content/Functions/Engine_MaterialFunctions02/Utility/VectorLength.uasset" 351
"../../../Engine/Content/Functions/Engine_MaterialFunctions02/Utility/VectorLength.uexp" 352
"../../../Engine/Content/Functions/Engine_MaterialFunctions02/WorldPositionOffset/ObjectScale.uasset" 353
"../../../Engine/Content/Functions/Engine_MaterialFunctions02/WorldPositionOffset/ObjectScale.uexp" 354
"../../../Engine/Content/Functions/Engine_MaterialFunctions02/Utility/BreakOutFloat3Components.uasset" 355
"../../../Engine/Content/Functions/Engine_MaterialFunctions02/Utility/BreakOutFloat3Components.uexp" 356
"../../../Engine/Plugins/Editor/SpeedTreeImporter/Content/SpeedTree9/UnpackInteger3.uasset" 357
"../../../Engine/Plugins/Editor/SpeedTreeImporter/Content/SpeedTree9/UnpackInteger3.uexp" 358
"../../../Engine/Plugins/Editor/SpeedTreeImporter/Content/SpeedTree9/UnpackDirection.uasset" 359
"../../../Engine/Plugins/Editor/SpeedTreeImporter/Content/SpeedTree9/UnpackDirection.uexp" 360
"../../../Engine/Plugins/Editor/SpeedTreeImporter/Content/SpeedTree9/game_wind_noise.uasset" 361
"../../../Engine/Plugins/Editor/SpeedTreeImporter/Content/SpeedTree9/game_wind_noise.uexp" 362
"../../../Engine/Plugins/Editor/SpeedTreeImporter/Content/SpeedTree9/game_wind_noise.ubulk" 363
"../../../Engine/Content/Functions/Engine_MaterialFunctions02/SafeNormalize.uasset" 364
"../../../Engine/Content/Functions/Engine_MaterialFunctions02/SafeNormalize.uexp" 365
"../../../Engine/Plugins/Editor/SpeedTreeImporter/Content/SpeedTree9/SpeedTreeWindMotion.uasset" 366
"../../../Engine/Plugins/Editor/SpeedTreeImporter/Content/SpeedTree9/SpeedTreeWindMotion.uexp" 367
"../../../Engine/Plugins/Editor/SpeedTreeImporter/Content/SpeedTree9/SpeedTreeBranchMotion.uasset" 368
"../../../Engine/Plugins/Editor/SpeedTreeImporter/Content/SpeedTree9/SpeedTreeBranchMotion.uexp" 369
"../../../Engine/Content/Functions/Engine_MaterialFunctions02/ObjectLocalBounds.uasset" 370
"../../../Engine/Content/Functions/Engine_MaterialFunctions02/ObjectLocalBounds.uexp" 371
"../../../Engine/Content/Functions/Engine_MaterialFunctions02/UVs/BoundingBoxBased_0-1_UVW.uasset" 372
"../../../Engine/Content/Functions/Engine_MaterialFunctions02/UVs/BoundingBoxBased_0-1_UVW.uexp" 373
"../../../Engine/Plugins/Editor/SpeedTreeImporter/Content/SpeedTree9/SpeedTreeWind.uasset" 374
"../../../Engine/Plugins/Editor/SpeedTreeImporter/Content/SpeedTree9/SpeedTreeWind.uexp" 375
"../../../Engine/Plugins/Editor/SpeedTreeImporter/Content/SpeedTree9/SpeedTreeBillboard.uasset" 376
"../../../Engine/Plugins/Editor/SpeedTreeImporter/Content/SpeedTree9/SpeedTreeBillboard.uexp" 377
"../../../Engine/Plugins/Editor/SpeedTreeImporter/Content/SpeedTree9/EmptyNormal.uasset" 378
"../../../Engine/Plugins/Editor/SpeedTreeImporter/Content/SpeedTree9/EmptyNormal.uexp" 379
"../../../Engine/Plugins/Editor/SpeedTreeImporter/Content/SpeedTree9/Empty.uasset" 380
"../../../Engine/Plugins/Editor/SpeedTreeImporter/Content/SpeedTree9/Empty.uexp" 381
"../../../Engine/Plugins/Editor/SpeedTreeImporter/Content/SpeedTree9/SpeedTreeBillboardMaster.uasset" 382
"../../../Engine/Plugins/Editor/SpeedTreeImporter/Content/SpeedTree9/SpeedTreeBillboardMaster.uexp" 383
"../../../Engine/Plugins/Editor/SpeedTreeImporter/Content/SpeedTree9/SpeedTreeCameraFacing.uasset" 384
"../../../Engine/Plugins/Editor/SpeedTreeImporter/Content/SpeedTree9/SpeedTreeCameraFacing.uexp" 385
"../../../Engine/Plugins/Editor/SpeedTreeImporter/Content/SpeedTree9/SpeedTreeMaster.uasset" 386
"../../../Engine/Plugins/Editor/SpeedTreeImporter/Content/SpeedTree9/SpeedTreeMaster.uexp" 387
"../../../Engine/Content/BasicShapes/Cylinder.uasset" 388
"../../../Engine/Content/BasicShapes/Cylinder.uexp" 389
"../../../Engine/Content/ArtTools/RenderToTexture/Materials/Debug/M_Emissive_Color.uasset" 390
"../../../Engine/Content/ArtTools/RenderToTexture/Materials/Debug/M_Emissive_Color.uexp" 391
"../../../Engine/Plugins/Lumin/MagicLeapPassableWorld/Content/MagicLeapARPinInfoActor.uasset" 392
"../../../Engine/Plugins/Lumin/MagicLeapPassableWorld/Content/MagicLeapARPinInfoActor.uexp" 393
"../../../Engine/Plugins/Runtime/OpenXR/Content/Devices/GoogleDaydream/MRTexture.uasset" 394
"../../../Engine/Plugins/Runtime/OpenXR/Content/Devices/GoogleDaydream/MRTexture.uexp" 395
"../../../Engine/Plugins/Runtime/OpenXR/Content/Devices/GoogleDaydream/MRTexture.ubulk" 396
"../../../Engine/Plugins/Runtime/OpenXR/Content/Devices/GoogleDaydream/BaseTexture.uasset" 397
"../../../Engine/Plugins/Runtime/OpenXR/Content/Devices/GoogleDaydream/BaseTexture.uexp" 398
"../../../Engine/Plugins/Runtime/OpenXR/Content/Devices/GoogleDaydream/BaseTexture.ubulk" 399
"../../../Engine/Content/EngineResources/Black.uasset" 400
"../../../Engine/Content/EngineResources/Black.uexp" 401
"../../../Engine/Plugins/Runtime/OpenXR/Content/Devices/M_XRController.uasset" 402
"../../../Engine/Plugins/Runtime/OpenXR/Content/Devices/M_XRController.uexp" 403
"../../../Engine/Plugins/Runtime/OpenXR/Content/Devices/GoogleDaydream/MI_GoogleDaydream.uasset" 404
"../../../Engine/Plugins/Runtime/OpenXR/Content/Devices/GoogleDaydream/MI_GoogleDaydream.uexp" 405
"../../../Engine/Plugins/Runtime/OpenXR/Content/Devices/GoogleDaydream/GoogleDaydreamController.uasset" 406
"../../../Engine/Plugins/Runtime/OpenXR/Content/Devices/GoogleDaydream/GoogleDaydreamController.uexp" 407
"../../../Engine/Plugins/Runtime/OpenXR/Content/Devices/HTCVive/BaseTexture.uasset" 408
"../../../Engine/Plugins/Runtime/OpenXR/Content/Devices/HTCVive/BaseTexture.uexp" 409
"../../../Engine/Plugins/Runtime/OpenXR/Content/Devices/HTCVive/BaseTexture.ubulk" 410
"../../../Engine/Plugins/Runtime/OpenXR/Content/Devices/HTCVive/MI_HTCVive.uasset" 411
"../../../Engine/Plugins/Runtime/OpenXR/Content/Devices/HTCVive/MI_HTCVive.uexp" 412
"../../../Engine/Plugins/Runtime/OpenXR/Content/Devices/HTCVive/HTCViveController.uasset" 413
"../../../Engine/Plugins/Runtime/OpenXR/Content/Devices/HTCVive/HTCViveController.uexp" 414
"../../../Engine/Plugins/Runtime/OpenXR/Content/Devices/MicrosoftMixedReality/NormalTexture.uasset" 415
"../../../Engine/Plugins/Runtime/OpenXR/Content/Devices/MicrosoftMixedReality/NormalTexture.uexp" 416
"../../../Engine/Plugins/Runtime/OpenXR/Content/Devices/MicrosoftMixedReality/NormalTexture.ubulk" 417
"../../../Engine/Plugins/Runtime/OpenXR/Content/Devices/MicrosoftMixedReality/MRTexture.uasset" 418
"../../../Engine/Plugins/Runtime/OpenXR/Content/Devices/MicrosoftMixedReality/MRTexture.uexp" 419
"../../../Engine/Plugins/Runtime/OpenXR/Content/Devices/MicrosoftMixedReality/MRTexture.ubulk" 420
"../../../Engine/Plugins/Runtime/OpenXR/Content/Devices/MicrosoftMixedReality/EmissiveTexture.uasset" 421
"../../../Engine/Plugins/Runtime/OpenXR/Content/Devices/MicrosoftMixedReality/EmissiveTexture.uexp" 422
"../../../Engine/Plugins/Runtime/OpenXR/Content/Devices/MicrosoftMixedReality/EmissiveTexture.ubulk" 423
"../../../Engine/Plugins/Runtime/OpenXR/Content/Devices/MicrosoftMixedReality/BaseTexture.uasset" 424
"../../../Engine/Plugins/Runtime/OpenXR/Content/Devices/MicrosoftMixedReality/BaseTexture.uexp" 425
"../../../Engine/Plugins/Runtime/OpenXR/Content/Devices/MicrosoftMixedReality/BaseTexture.ubulk" 426
"../../../Engine/Plugins/Runtime/OpenXR/Content/Devices/MicrosoftMixedReality/MI_MicrosoftMixedReality.uasset" 427
"../../../Engine/Plugins/Runtime/OpenXR/Content/Devices/MicrosoftMixedReality/MI_MicrosoftMixedReality.uexp" 428
"../../../Engine/Plugins/Runtime/OpenXR/Content/Devices/MicrosoftMixedReality/Left/left_MicrosoftMixedRealityController.uasset" 429
"../../../Engine/Plugins/Runtime/OpenXR/Content/Devices/MicrosoftMixedReality/Left/left_MicrosoftMixedRealityController.uexp" 430
"../../../Engine/Plugins/Runtime/OpenXR/Content/Devices/MicrosoftMixedReality/Right/right_MicrosoftMixedRealityController.uasset" 431
"../../../Engine/Plugins/Runtime/OpenXR/Content/Devices/MicrosoftMixedReality/Right/right_MicrosoftMixedRealityController.uexp" 432
"../../../Engine/Plugins/Runtime/OpenXR/Content/Devices/OculusGo/BaseTexture.uasset" 433
"../../../Engine/Plugins/Runtime/OpenXR/Content/Devices/OculusGo/BaseTexture.uexp" 434
"../../../Engine/Plugins/Runtime/OpenXR/Content/Devices/OculusGo/BaseTexture.ubulk" 435
"../../../Engine/Plugins/Runtime/OpenXR/Content/Devices/OculusGo/MI_OculusGo.uasset" 436
"../../../Engine/Plugins/Runtime/OpenXR/Content/Devices/OculusGo/MI_OculusGo.uexp" 437
"../../../Engine/Plugins/Runtime/OpenXR/Content/Devices/OculusGo/OculusGoController.uasset" 438
"../../../Engine/Plugins/Runtime/OpenXR/Content/Devices/OculusGo/OculusGoController.uexp" 439
"../../../Engine/Plugins/Runtime/OpenXR/Content/Devices/OculusTouch/MRTexture.uasset" 440
"../../../Engine/Plugins/Runtime/OpenXR/Content/Devices/OculusTouch/MRTexture.uexp" 441
"../../../Engine/Plugins/Runtime/OpenXR/Content/Devices/OculusTouch/MRTexture.ubulk" 442
"../../../Engine/Plugins/Runtime/OpenXR/Content/Devices/OculusTouch/BaseTexture.uasset" 443
"../../../Engine/Plugins/Runtime/OpenXR/Content/Devices/OculusTouch/BaseTexture.uexp" 444
"../../../Engine/Plugins/Runtime/OpenXR/Content/Devices/OculusTouch/BaseTexture.ubulk" 445
"../../../Engine/Plugins/Runtime/OpenXR/Content/Devices/OculusTouch/MI_OculusTouch.uasset" 446
"../../../Engine/Plugins/Runtime/OpenXR/Content/Devices/OculusTouch/MI_OculusTouch.uexp" 447
"../../../Engine/Plugins/Runtime/OpenXR/Content/Devices/OculusTouch/Left/left_OculusTouchController.uasset" 448
"../../../Engine/Plugins/Runtime/OpenXR/Content/Devices/OculusTouch/Left/left_OculusTouchController.uexp" 449
"../../../Engine/Plugins/Runtime/OpenXR/Content/Devices/OculusTouch/Right/right_OculusTouchController.uasset" 450
"../../../Engine/Plugins/Runtime/OpenXR/Content/Devices/OculusTouch/Right/right_OculusTouchController.uexp" 451
"../../../Engine/Plugins/Runtime/OpenXR/Content/Devices/OculusTouch_v2/MRTexture.uasset" 452
"../../../Engine/Plugins/Runtime/OpenXR/Content/Devices/OculusTouch_v2/MRTexture.uexp" 453
"../../../Engine/Plugins/Runtime/OpenXR/Content/Devices/OculusTouch_v2/MRTexture.ubulk" 454
"../../../Engine/Plugins/Runtime/OpenXR/Content/Devices/OculusTouch_v2/BaseTexture.uasset" 455
"../../../Engine/Plugins/Runtime/OpenXR/Content/Devices/OculusTouch_v2/BaseTexture.uexp" 456
"../../../Engine/Plugins/Runtime/OpenXR/Content/Devices/OculusTouch_v2/BaseTexture.ubulk" 457
"../../../Engine/Plugins/Runtime/OpenXR/Content/Devices/OculusTouch_v2/MI_OculusTouch_v2.uasset" 458
"../../../Engine/Plugins/Runtime/OpenXR/Content/Devices/OculusTouch_v2/MI_OculusTouch_v2.uexp" 459
"../../../Engine/Plugins/Runtime/OpenXR/Content/Devices/OculusTouch_v2/Left/left_OculusTouch_v2Controller.uasset" 460
"../../../Engine/Plugins/Runtime/OpenXR/Content/Devices/OculusTouch_v2/Left/left_OculusTouch_v2Controller.uexp" 461
"../../../Engine/Plugins/Runtime/OpenXR/Content/Devices/OculusTouch_v2/Right/right_OculusTouch_v2Controller.uasset" 462
"../../../Engine/Plugins/Runtime/OpenXR/Content/Devices/OculusTouch_v2/Right/right_OculusTouch_v2Controller.uexp" 463
"../../../Engine/Plugins/Runtime/OpenXR/Content/Devices/OculusTouch_v3/MRTexture.uasset" 464
"../../../Engine/Plugins/Runtime/OpenXR/Content/Devices/OculusTouch_v3/MRTexture.uexp" 465
"../../../Engine/Plugins/Runtime/OpenXR/Content/Devices/OculusTouch_v3/MRTexture.ubulk" 466
"../../../Engine/Plugins/Runtime/OpenXR/Content/Devices/OculusTouch_v3/BaseTexture.uasset" 467
"../../../Engine/Plugins/Runtime/OpenXR/Content/Devices/OculusTouch_v3/BaseTexture.uexp" 468
"../../../Engine/Plugins/Runtime/OpenXR/Content/Devices/OculusTouch_v3/BaseTexture.ubulk" 469
"../../../Engine/Plugins/Runtime/OpenXR/Content/Devices/OculusTouch_v3/MI_OculusTouch_v3.uasset" 470
"../../../Engine/Plugins/Runtime/OpenXR/Content/Devices/OculusTouch_v3/MI_OculusTouch_v3.uexp" 471
"../../../Engine/Plugins/Runtime/OpenXR/Content/Devices/OculusTouch_v3/Left/left_OculusTouch_v3Controller.uasset" 472
"../../../Engine/Plugins/Runtime/OpenXR/Content/Devices/OculusTouch_v3/Left/left_OculusTouch_v3Controller.uexp" 473
"../../../Engine/Plugins/Runtime/OpenXR/Content/Devices/OculusTouch_v3/Right/right_OculusTouch_v3Controller.uasset" 474
"../../../Engine/Plugins/Runtime/OpenXR/Content/Devices/OculusTouch_v3/Right/right_OculusTouch_v3Controller.uexp" 475
"../../../Engine/Plugins/Runtime/OpenXR/Content/Devices/ValveIndex/MRTexture.uasset" 476
"../../../Engine/Plugins/Runtime/OpenXR/Content/Devices/ValveIndex/MRTexture.uexp" 477
"../../../Engine/Plugins/Runtime/OpenXR/Content/Devices/ValveIndex/MRTexture.ubulk" 478
"../../../Engine/Plugins/Runtime/OpenXR/Content/Devices/ValveIndex/BaseTexture.uasset" 479
"../../../Engine/Plugins/Runtime/OpenXR/Content/Devices/ValveIndex/BaseTexture.uexp" 480
"../../../Engine/Plugins/Runtime/OpenXR/Content/Devices/ValveIndex/BaseTexture.ubulk" 481
"../../../Engine/Plugins/Runtime/OpenXR/Content/Devices/ValveIndex/Left/MI_left_ValveIndex.uasset" 482
"../../../Engine/Plugins/Runtime/OpenXR/Content/Devices/ValveIndex/Left/MI_left_ValveIndex.uexp" 483
"../../../Engine/Plugins/Runtime/OpenXR/Content/Devices/ValveIndex/Left/left_ValveIndexController.uasset" 484
"../../../Engine/Plugins/Runtime/OpenXR/Content/Devices/ValveIndex/Left/left_ValveIndexController.uexp" 485
"../../../Engine/Plugins/Runtime/OpenXR/Content/Devices/ValveIndex/Right/MI_right_ValveIndex.uasset" 486
"../../../Engine/Plugins/Runtime/OpenXR/Content/Devices/ValveIndex/Right/MI_right_ValveIndex.uexp" 487
"../../../Engine/Plugins/Runtime/OpenXR/Content/Devices/ValveIndex/Right/right_ValveIndexController.uasset" 488
"../../../Engine/Plugins/Runtime/OpenXR/Content/Devices/ValveIndex/Right/right_ValveIndexController.uexp" 489
"../../../Engine/Content/Functions/Engine_MaterialFunctions02/Utility/BreakOutFloat4Components.uasset" 490
"../../../Engine/Content/Functions/Engine_MaterialFunctions02/Utility/BreakOutFloat4Components.uexp" 491
"../../../Engine/Content/Functions/Engine_MaterialFunctions02/Utility/MakeFloat3.uasset" 492
"../../../Engine/Content/Functions/Engine_MaterialFunctions02/Utility/MakeFloat3.uexp" 493
"../../../Engine/Plugins/Runtime/Oculus/OculusVR/Content/Materials/OculusMR_ChromaKey.uasset" 494
"../../../Engine/Plugins/Runtime/Oculus/OculusVR/Content/Materials/OculusMR_ChromaKey.uexp" 495
"../../../Engine/Plugins/Runtime/Oculus/OculusVR/Content/Materials/OculusMR_OpaqueColoredMaterial.uasset" 496
"../../../Engine/Plugins/Runtime/Oculus/OculusVR/Content/Materials/OculusMR_OpaqueColoredMaterial.uexp" 497
"../../../Engine/Plugins/Runtime/Oculus/OculusVR/Content/Materials/PokeAHoleMaterial.uasset" 498
"../../../Engine/Plugins/Runtime/Oculus/OculusVR/Content/Materials/PokeAHoleMaterial.uexp" 499
"../../../Engine/Plugins/Runtime/Oculus/OculusVR/Content/Textures/touchController_controlmap.uasset" 500
"../../../Engine/Plugins/Runtime/Oculus/OculusVR/Content/Textures/touchController_controlmap.uexp" 501
"../../../Engine/Plugins/Runtime/Oculus/OculusVR/Content/Textures/touchController_controlmap.ubulk" 502
"../../../Engine/Plugins/Runtime/Oculus/OculusVR/Content/Textures/touchController_albedo.uasset" 503
"../../../Engine/Plugins/Runtime/Oculus/OculusVR/Content/Textures/touchController_albedo.uexp" 504
"../../../Engine/Plugins/Runtime/Oculus/OculusVR/Content/Textures/touchController_albedo.ubulk" 505
"../../../Engine/Plugins/Runtime/Oculus/OculusVR/Content/Materials/touchController_mat.uasset" 506
"../../../Engine/Plugins/Runtime/Oculus/OculusVR/Content/Materials/touchController_mat.uexp" 507
"../../../Engine/Plugins/Runtime/Oculus/OculusVR/Content/Meshes/LeftTouchController.uasset" 508
"../../../Engine/Plugins/Runtime/Oculus/OculusVR/Content/Meshes/LeftTouchController.uexp" 509
"../../../Engine/Plugins/Runtime/Oculus/OculusVR/Content/Textures/TouchForQuestRiftSController_albedo.uasset" 510
"../../../Engine/Plugins/Runtime/Oculus/OculusVR/Content/Textures/TouchForQuestRiftSController_albedo.uexp" 511
"../../../Engine/Plugins/Runtime/Oculus/OculusVR/Content/Textures/TouchForQuestRiftSController_albedo.ubulk" 512
"../../../Engine/Plugins/Runtime/Oculus/OculusVR/Content/Materials/TouchForQuestRiftSControllerMaterial.uasset" 513
"../../../Engine/Plugins/Runtime/Oculus/OculusVR/Content/Materials/TouchForQuestRiftSControllerMaterial.uexp" 514
"../../../Engine/Plugins/Runtime/Oculus/OculusVR/Content/Meshes/LeftTouchForQuestRiftSController.uasset" 515
"../../../Engine/Plugins/Runtime/Oculus/OculusVR/Content/Meshes/LeftTouchForQuestRiftSController.uexp" 516
"../../../Engine/Plugins/Runtime/Oculus/OculusVR/Content/Meshes/RiftHMD.uasset" 517
"../../../Engine/Plugins/Runtime/Oculus/OculusVR/Content/Meshes/RiftHMD.uexp" 518
"../../../Engine/Plugins/Runtime/Oculus/OculusVR/Content/Meshes/RightTouchController.uasset" 519
"../../../Engine/Plugins/Runtime/Oculus/OculusVR/Content/Meshes/RightTouchController.uexp" 520
"../../../Engine/Plugins/Runtime/Oculus/OculusVR/Content/Meshes/RightTouchForQuestRiftSController.uasset" 521
"../../../Engine/Plugins/Runtime/Oculus/OculusVR/Content/Meshes/RightTouchForQuestRiftSController.uexp" 522
"C:/Users/keybl/OneDrive/Documents/unreal_risk_1.0/Content/RiskContent/Maps/DefaultGameMap_BuiltData.uasset" 523
"C:/Users/keybl/OneDrive/Documents/unreal_risk_1.0/Content/RiskContent/Maps/DefaultGameMap_BuiltData.uexp" 524
"C:/Users/keybl/OneDrive/Documents/unreal_risk_1.0/Content/RiskContent/Models/Spaces/Yakursk.uasset" 525
"C:/Users/keybl/OneDrive/Documents/unreal_risk_1.0/Content/RiskContent/Models/Spaces/Yakursk.uexp" 526
"C:/Users/keybl/OneDrive/Documents/unreal_risk_1.0/Content/RiskContent/Materials/Highlight.uasset" 527
"C:/Users/keybl/OneDrive/Documents/unreal_risk_1.0/Content/RiskContent/Materials/Highlight.uexp" 528
"C:/Users/keybl/OneDrive/Documents/unreal_risk_1.0/Content/RiskContent/Video/WinnerScreen.uasset" 529
"C:/Users/keybl/OneDrive/Documents/unreal_risk_1.0/Content/RiskContent/Video/WinnerScreen.uexp" 530
"C:/Users/keybl/OneDrive/Documents/unreal_risk_1.0/Content/RiskContent/Video/UnrealRiskMediaPlayer.uasset" 531
"C:/Users/keybl/OneDrive/Documents/unreal_risk_1.0/Content/RiskContent/Video/UnrealRiskMediaPlayer.uexp" 532
"C:/Users/keybl/OneDrive/Documents/unreal_risk_1.0/Content/RiskContent/Video/UnrealRiskMediaPlayer_Video.uasset" 533
"C:/Users/keybl/OneDrive/Documents/unreal_risk_1.0/Content/RiskContent/Video/UnrealRiskMediaPlayer_Video.uexp" 534
"C:/Users/keybl/OneDrive/Documents/unreal_risk_1.0/Content/RiskContent/Video/UnrealRiskMediaPlayer_Video_Mat.uasset" 535
"C:/Users/keybl/OneDrive/Documents/unreal_risk_1.0/Content/RiskContent/Video/UnrealRiskMediaPlayer_Video_Mat.uexp" 536
"C:/Users/keybl/OneDrive/Documents/unreal_risk_1.0/Content/RiskContent/Fonts/Starjedi.uasset" 537
"C:/Users/keybl/OneDrive/Documents/unreal_risk_1.0/Content/RiskContent/Fonts/Starjedi.uexp" 538
"C:/Users/keybl/OneDrive/Documents/unreal_risk_1.0/Content/RiskContent/Fonts/Starjedi.ufont" 539
"C:/Users/keybl/OneDrive/Documents/unreal_risk_1.0/Content/RiskContent/Fonts/DefaultFont.uasset" 540
"C:/Users/keybl/OneDrive/Documents/unreal_risk_1.0/Content/RiskContent/Fonts/DefaultFont.uexp" 541
"C:/Users/keybl/OneDrive/Documents/unreal_risk_1.0/Content/RiskContent/DataTables/DefaultDataTable_3.uasset" 542
"C:/Users/keybl/OneDrive/Documents/unreal_risk_1.0/Content/RiskContent/DataTables/DefaultDataTable_3.uexp" 543
"../../../Engine/Content/EditorBlueprintResources/StandardMacros.uasset" 544
"../../../Engine/Content/EditorBlueprintResources/StandardMacros.uexp" 545
"C:/Users/keybl/OneDrive/Documents/unreal_risk_1.0/Content/RiskContent/BluePrints/Board.uasset" 546
"C:/Users/keybl/OneDrive/Documents/unreal_risk_1.0/Content/RiskContent/BluePrints/Board.uexp" 547
"C:/Users/keybl/OneDrive/Documents/unreal_risk_1.0/Content/RiskContent/BluePrints/HardBeginAiHandler.uasset" 548
"C:/Users/keybl/OneDrive/Documents/unreal_risk_1.0/Content/RiskContent/BluePrints/HardBeginAiHandler.uexp" 549
"C:/Users/keybl/OneDrive/Documents/unreal_risk_1.0/Content/RiskContent/BluePrints/TransferHandler.uasset" 550
"C:/Users/keybl/OneDrive/Documents/unreal_risk_1.0/Content/RiskContent/BluePrints/TransferHandler.uexp" 551
"C:/Users/keybl/OneDrive/Documents/unreal_risk_1.0/Content/RiskContent/BluePrints/EasyAITransferHandler.uasset" 552
"C:/Users/keybl/OneDrive/Documents/unreal_risk_1.0/Content/RiskContent/BluePrints/EasyAITransferHandler.uexp" 553
"C:/Users/keybl/OneDrive/Documents/unreal_risk_1.0/Content/RiskContent/BluePrints/AttackHandler.uasset" 554
"C:/Users/keybl/OneDrive/Documents/unreal_risk_1.0/Content/RiskContent/BluePrints/AttackHandler.uexp" 555
"C:/Users/keybl/OneDrive/Documents/unreal_risk_1.0/Content/RiskContent/BluePrints/HardAIAttackHandler.uasset" 556
"C:/Users/keybl/OneDrive/Documents/unreal_risk_1.0/Content/RiskContent/BluePrints/HardAIAttackHandler.uexp" 557
"C:/Users/keybl/OneDrive/Documents/unreal_risk_1.0/Content/RiskContent/BluePrints/UnrealRiskGameInstance.uasset" 558
"C:/Users/keybl/OneDrive/Documents/unreal_risk_1.0/Content/RiskContent/BluePrints/UnrealRiskGameInstance.uexp" 559
"C:/Users/keybl/OneDrive/Documents/unreal_risk_1.0/Content/RiskContent/BluePrints/EasyReinfAiHandler.uasset" 560
"C:/Users/keybl/OneDrive/Documents/unreal_risk_1.0/Content/RiskContent/BluePrints/EasyReinfAiHandler.uexp" 561
"C:/Users/keybl/OneDrive/Documents/unreal_risk_1.0/Content/RiskContent/BluePrints/EasyBeginAiHandler.uasset" 562
"C:/Users/keybl/OneDrive/Documents/unreal_risk_1.0/Content/RiskContent/BluePrints/EasyBeginAiHandler.uexp" 563
"C:/Users/keybl/OneDrive/Documents/unreal_risk_1.0/Content/RiskContent/BluePrints/EasyAIAttackHandler.uasset" 564
"C:/Users/keybl/OneDrive/Documents/unreal_risk_1.0/Content/RiskContent/BluePrints/EasyAIAttackHandler.uexp" 565
"C:/Users/keybl/OneDrive/Documents/unreal_risk_1.0/Content/RiskContent/BluePrints/TurnHandler.uasset" 566
"C:/Users/keybl/OneDrive/Documents/unreal_risk_1.0/Content/RiskContent/BluePrints/TurnHandler.uexp" 567
"C:/Users/keybl/OneDrive/Documents/unreal_risk_1.0/Content/RiskContent/UMG/WinnerScreenWidget.uasset" 568
"C:/Users/keybl/OneDrive/Documents/unreal_risk_1.0/Content/RiskContent/UMG/WinnerScreenWidget.uexp" 569
"C:/Users/keybl/OneDrive/Documents/unreal_risk_1.0/Content/RiskContent/UMG/LosingScreenWidget.uasset" 570
"C:/Users/keybl/OneDrive/Documents/unreal_risk_1.0/Content/RiskContent/UMG/LosingScreenWidget.uexp" 571
"C:/Users/keybl/OneDrive/Documents/unreal_risk_1.0/Content/RiskContent/Images/UnrealRiskRules6.uasset" 572
"C:/Users/keybl/OneDrive/Documents/unreal_risk_1.0/Content/RiskContent/Images/UnrealRiskRules6.uexp" 573
"C:/Users/keybl/OneDrive/Documents/unreal_risk_1.0/Content/RiskContent/Images/UnrealRiskRules5.uasset" 574
"C:/Users/keybl/OneDrive/Documents/unreal_risk_1.0/Content/RiskContent/Images/UnrealRiskRules5.uexp" 575
"C:/Users/keybl/OneDrive/Documents/unreal_risk_1.0/Content/RiskContent/Images/UnrealRiskRules4.uasset" 576
"C:/Users/keybl/OneDrive/Documents/unreal_risk_1.0/Content/RiskContent/Images/UnrealRiskRules4.uexp" 577
"C:/Users/keybl/OneDrive/Documents/unreal_risk_1.0/Content/RiskContent/Images/UnrealRiskRules3.uasset" 578
"C:/Users/keybl/OneDrive/Documents/unreal_risk_1.0/Content/RiskContent/Images/UnrealRiskRules3.uexp" 579
"C:/Users/keybl/OneDrive/Documents/unreal_risk_1.0/Content/RiskContent/Images/UnrealRiskRules2.uasset" 580
"C:/Users/keybl/OneDrive/Documents/unreal_risk_1.0/Content/RiskContent/Images/UnrealRiskRules2.uexp" 581
"C:/Users/keybl/OneDrive/Documents/unreal_risk_1.0/Content/RiskContent/Images/UnrealRiskRules1.uasset" 582
"C:/Users/keybl/OneDrive/Documents/unreal_risk_1.0/Content/RiskContent/Images/UnrealRiskRules1.uexp" 583
"C:/Users/keybl/OneDrive/Documents/unreal_risk_1.0/Content/RiskContent/Images/UnrealRiskRules0.uasset" 584
"C:/Users/keybl/OneDrive/Documents/unreal_risk_1.0/Content/RiskContent/Images/UnrealRiskRules0.uexp" 585
"C:/Users/keybl/OneDrive/Documents/unreal_risk_1.0/Content/RiskContent/DataTables/DefaultDataTable_2.uasset" 586
"C:/Users/keybl/OneDrive/Documents/unreal_risk_1.0/Content/RiskContent/DataTables/DefaultDataTable_2.uexp" 587
"C:/Users/keybl/OneDrive/Documents/unreal_risk_1.0/Content/RiskContent/DataTables/DefaultDataTable1.uasset" 588
"C:/Users/keybl/OneDrive/Documents/unreal_risk_1.0/Content/RiskContent/DataTables/DefaultDataTable1.uexp" 589
"C:/Users/keybl/OneDrive/Documents/unreal_risk_1.0/Content/RiskContent/DataTables/DefaultDataTable.uasset" 590
"C:/Users/keybl/OneDrive/Documents/unreal_risk_1.0/Content/RiskContent/DataTables/DefaultDataTable.uexp" 591
"C:/Users/keybl/OneDrive/Documents/unreal_risk_1.0/Content/RiskContent/Audio/UnrealRiskMix.uasset" 592
"C:/Users/keybl/OneDrive/Documents/unreal_risk_1.0/Content/RiskContent/Audio/UnrealRiskMix.uexp" 593
"C:/Users/keybl/OneDrive/Documents/unreal_risk_1.0/Content/RiskContent/Audio/UnrealRiskMusic.uasset" 594
"C:/Users/keybl/OneDrive/Documents/unreal_risk_1.0/Content/RiskContent/Audio/UnrealRiskMusic.uexp" 595
"C:/Users/keybl/OneDrive/Documents/unreal_risk_1.0/Content/RiskContent/Audio/UnrealRiskSFX.uasset" 596
"C:/Users/keybl/OneDrive/Documents/unreal_risk_1.0/Content/RiskContent/Audio/UnrealRiskSFX.uexp" 597
"C:/Users/keybl/OneDrive/Documents/unreal_risk_1.0/Content/RiskContent/Audio/UnrealRiskMaster.uasset" 598
"C:/Users/keybl/OneDrive/Documents/unreal_risk_1.0/Content/RiskContent/Audio/UnrealRiskMaster.uexp" 599
"C:/Users/keybl/OneDrive/Documents/unreal_risk_1.0/Content/RiskContent/UMG/InGameMenuWidget.uasset" 600
"C:/Users/keybl/OneDrive/Documents/unreal_risk_1.0/Content/RiskContent/UMG/InGameMenuWidget.uexp" 601
"C:/Users/keybl/OneDrive/Documents/unreal_risk_1.0/Content/RiskContent/BluePrints/Spaces/Space.uasset" 602
"C:/Users/keybl/OneDrive/Documents/unreal_risk_1.0/Content/RiskContent/BluePrints/Spaces/Space.uexp" 603
"C:/Users/keybl/OneDrive/Documents/unreal_risk_1.0/Content/RiskContent/BluePrints/Spaces/Yakursk.uasset" 604
"C:/Users/keybl/OneDrive/Documents/unreal_risk_1.0/Content/RiskContent/BluePrints/Spaces/Yakursk.uexp" 605
"C:/Users/keybl/OneDrive/Documents/unreal_risk_1.0/Content/RiskContent/Models/Spaces/WestUS.uasset" 606
"C:/Users/keybl/OneDrive/Documents/unreal_risk_1.0/Content/RiskContent/Models/Spaces/WestUS.uexp" 607
"C:/Users/keybl/OneDrive/Documents/unreal_risk_1.0/Content/RiskContent/BluePrints/Spaces/WestUS.uasset" 608
"C:/Users/keybl/OneDrive/Documents/unreal_risk_1.0/Content/RiskContent/BluePrints/Spaces/WestUS.uexp" 609
"C:/Users/keybl/OneDrive/Documents/unreal_risk_1.0/Content/RiskContent/Models/Spaces/WestEurope.uasset" 610
"C:/Users/keybl/OneDrive/Documents/unreal_risk_1.0/Content/RiskContent/Models/Spaces/WestEurope.uexp" 611
"C:/Users/keybl/OneDrive/Documents/unreal_risk_1.0/Content/RiskContent/BluePrints/Spaces/WestEurope.uasset" 612
"C:/Users/keybl/OneDrive/Documents/unreal_risk_1.0/Content/RiskContent/BluePrints/Spaces/WestEurope.uexp" 613
"C:/Users/keybl/OneDrive/Documents/unreal_risk_1.0/Content/RiskContent/Models/Spaces/WestAustrailia.uasset" 614
"C:/Users/keybl/OneDrive/Documents/unreal_risk_1.0/Content/RiskContent/Models/Spaces/WestAustrailia.uexp" 615
"C:/Users/keybl/OneDrive/Documents/unreal_risk_1.0/Content/RiskContent/BluePrints/Spaces/WestAustrailia.uasset" 616
"C:/Users/keybl/OneDrive/Documents/unreal_risk_1.0/Content/RiskContent/BluePrints/Spaces/WestAustrailia.uexp" 617
"C:/Users/keybl/OneDrive/Documents/unreal_risk_1.0/Content/RiskContent/Models/Spaces/Venezuela.uasset" 618
"C:/Users/keybl/OneDrive/Documents/unreal_risk_1.0/Content/RiskContent/Models/Spaces/Venezuela.uexp" 619
"C:/Users/keybl/OneDrive/Documents/unreal_risk_1.0/Content/RiskContent/BluePrints/Spaces/Venezuela.uasset" 620
"C:/Users/keybl/OneDrive/Documents/unreal_risk_1.0/Content/RiskContent/BluePrints/Spaces/Venezuela.uexp" 621
"C:/Users/keybl/OneDrive/Documents/unreal_risk_1.0/Content/RiskContent/Models/Spaces/Ural.uasset" 622
"C:/Users/keybl/OneDrive/Documents/unreal_risk_1.0/Content/RiskContent/Models/Spaces/Ural.uexp" 623
"C:/Users/keybl/OneDrive/Documents/unreal_risk_1.0/Content/RiskContent/BluePrints/Spaces/Ural.uasset" 624
"C:/Users/keybl/OneDrive/Documents/unreal_risk_1.0/Content/RiskContent/BluePrints/Spaces/Ural.uexp" 625
"C:/Users/keybl/OneDrive/Documents/unreal_risk_1.0/Content/RiskContent/Models/Spaces/Ukraine.uasset" 626
"C:/Users/keybl/OneDrive/Documents/unreal_risk_1.0/Content/RiskContent/Models/Spaces/Ukraine.uexp" 627
"C:/Users/keybl/OneDrive/Documents/unreal_risk_1.0/Content/RiskContent/BluePrints/Spaces/Ukraine.uasset" 628
"C:/Users/keybl/OneDrive/Documents/unreal_risk_1.0/Content/RiskContent/BluePrints/Spaces/Ukraine.uexp" 629
"C:/Users/keybl/OneDrive/Documents/unreal_risk_1.0/Content/RiskContent/Models/Spaces/SouthEurope.uasset" 630
"C:/Users/keybl/OneDrive/Documents/unreal_risk_1.0/Content/RiskContent/Models/Spaces/SouthEurope.uexp" 631
"C:/Users/keybl/OneDrive/Documents/unreal_risk_1.0/Content/RiskContent/BluePrints/Spaces/SouthEurope.uasset" 632
"C:/Users/keybl/OneDrive/Documents/unreal_risk_1.0/Content/RiskContent/BluePrints/Spaces/SouthEurope.uexp" 633
"C:/Users/keybl/OneDrive/Documents/unreal_risk_1.0/Content/RiskContent/Models/Spaces/SouthAfrica.uasset" 634
"C:/Users/keybl/OneDrive/Documents/unreal_risk_1.0/Content/RiskContent/Models/Spaces/SouthAfrica.uexp" 635
"C:/Users/keybl/OneDrive/Documents/unreal_risk_1.0/Content/RiskContent/BluePrints/Spaces/SouthAfrica.uasset" 636
"C:/Users/keybl/OneDrive/Documents/unreal_risk_1.0/Content/RiskContent/BluePrints/Spaces/SouthAfrica.uexp" 637
"C:/Users/keybl/OneDrive/Documents/unreal_risk_1.0/Content/RiskContent/Models/Spaces/Siberia.uasset" 638
"C:/Users/keybl/OneDrive/Documents/unreal_risk_1.0/Content/RiskContent/Models/Spaces/Siberia.uexp" 639
"C:/Users/keybl/OneDrive/Documents/unreal_risk_1.0/Content/RiskContent/BluePrints/Spaces/Siberia.uasset" 640
"C:/Users/keybl/OneDrive/Documents/unreal_risk_1.0/Content/RiskContent/BluePrints/Spaces/Siberia.uexp" 641
"C:/Users/keybl/OneDrive/Documents/unreal_risk_1.0/Content/RiskContent/Models/Spaces/Siam.uasset" 642
"C:/Users/keybl/OneDrive/Documents/unreal_risk_1.0/Content/RiskContent/Models/Spaces/Siam.uexp" 643
"C:/Users/keybl/OneDrive/Documents/unreal_risk_1.0/Content/RiskContent/BluePrints/Spaces/Siam.uasset" 644
"C:/Users/keybl/OneDrive/Documents/unreal_risk_1.0/Content/RiskContent/BluePrints/Spaces/Siam.uexp" 645
"C:/Users/keybl/OneDrive/Documents/unreal_risk_1.0/Content/RiskContent/Models/Spaces/Scandinavia.uasset" 646
"C:/Users/keybl/OneDrive/Documents/unreal_risk_1.0/Content/RiskContent/Models/Spaces/Scandinavia.uexp" 647
"C:/Users/keybl/OneDrive/Documents/unreal_risk_1.0/Content/RiskContent/BluePrints/Spaces/Scandinavia.uasset" 648
"C:/Users/keybl/OneDrive/Documents/unreal_risk_1.0/Content/RiskContent/BluePrints/Spaces/Scandinavia.uexp" 649
"C:/Users/keybl/OneDrive/Documents/unreal_risk_1.0/Content/RiskContent/Models/Spaces/Quebec.uasset" 650
"C:/Users/keybl/OneDrive/Documents/unreal_risk_1.0/Content/RiskContent/Models/Spaces/Quebec.uexp" 651
"C:/Users/keybl/OneDrive/Documents/unreal_risk_1.0/Content/RiskContent/BluePrints/Spaces/Quebec.uasset" 652
"C:/Users/keybl/OneDrive/Documents/unreal_risk_1.0/Content/RiskContent/BluePrints/Spaces/Quebec.uexp" 653
"C:/Users/keybl/OneDrive/Documents/unreal_risk_1.0/Content/RiskContent/Models/Spaces/Peru.uasset" 654
"C:/Users/keybl/OneDrive/Documents/unreal_risk_1.0/Content/RiskContent/Models/Spaces/Peru.uexp" 655
"C:/Users/keybl/OneDrive/Documents/unreal_risk_1.0/Content/RiskContent/BluePrints/Spaces/Peru.uasset" 656
"C:/Users/keybl/OneDrive/Documents/unreal_risk_1.0/Content/RiskContent/BluePrints/Spaces/Peru.uexp" 657
"C:/Users/keybl/OneDrive/Documents/unreal_risk_1.0/Content/RiskContent/Models/Spaces/Ontario.uasset" 658
"C:/Users/keybl/OneDrive/Documents/unreal_risk_1.0/Content/RiskContent/Models/Spaces/Ontario.uexp" 659
"C:/Users/keybl/OneDrive/Documents/unreal_risk_1.0/Content/RiskContent/BluePrints/Spaces/Ontario.uasset" 660
"C:/Users/keybl/OneDrive/Documents/unreal_risk_1.0/Content/RiskContent/BluePrints/Spaces/Ontario.uexp" 661
"C:/Users/keybl/OneDrive/Documents/unreal_risk_1.0/Content/RiskContent/Models/Spaces/NWTerritory.uasset" 662
"C:/Users/keybl/OneDrive/Documents/unreal_risk_1.0/Content/RiskContent/Models/Spaces/NWTerritory.uexp" 663
"C:/Users/keybl/OneDrive/Documents/unreal_risk_1.0/Content/RiskContent/BluePrints/Spaces/NWTerritory.uasset" 664
"C:/Users/keybl/OneDrive/Documents/unreal_risk_1.0/Content/RiskContent/BluePrints/Spaces/NWTerritory.uexp" 665
"C:/Users/keybl/OneDrive/Documents/unreal_risk_1.0/Content/RiskContent/Models/Spaces/NorthEurope.uasset" 666
"C:/Users/keybl/OneDrive/Documents/unreal_risk_1.0/Content/RiskContent/Models/Spaces/NorthEurope.uexp" 667
"C:/Users/keybl/OneDrive/Documents/unreal_risk_1.0/Content/RiskContent/BluePrints/Spaces/NorthEurope.uasset" 668
"C:/Users/keybl/OneDrive/Documents/unreal_risk_1.0/Content/RiskContent/BluePrints/Spaces/NorthEurope.uexp" 669
"C:/Users/keybl/OneDrive/Documents/unreal_risk_1.0/Content/RiskContent/Models/Spaces/NorthAfrica.uasset" 670
"C:/Users/keybl/OneDrive/Documents/unreal_risk_1.0/Content/RiskContent/Models/Spaces/NorthAfrica.uexp" 671
"C:/Users/keybl/OneDrive/Documents/unreal_risk_1.0/Content/RiskContent/BluePrints/Spaces/NorthAfrica.uasset" 672
"C:/Users/keybl/OneDrive/Documents/unreal_risk_1.0/Content/RiskContent/BluePrints/Spaces/NorthAfrica.uexp" 673
"C:/Users/keybl/OneDrive/Documents/unreal_risk_1.0/Content/RiskContent/Models/Spaces/NewGuinea.uasset" 674
"C:/Users/keybl/OneDrive/Documents/unreal_risk_1.0/Content/RiskContent/Models/Spaces/NewGuinea.uexp" 675
"C:/Users/keybl/OneDrive/Documents/unreal_risk_1.0/Content/RiskContent/BluePrints/Spaces/NewGuinea.uasset" 676
"C:/Users/keybl/OneDrive/Documents/unreal_risk_1.0/Content/RiskContent/BluePrints/Spaces/NewGuinea.uexp" 677
"C:/Users/keybl/OneDrive/Documents/unreal_risk_1.0/Content/RiskContent/Models/Spaces/Mongolia.uasset" 678
"C:/Users/keybl/OneDrive/Documents/unreal_risk_1.0/Content/RiskContent/Models/Spaces/Mongolia.uexp" 679
"C:/Users/keybl/OneDrive/Documents/unreal_risk_1.0/Content/RiskContent/BluePrints/Spaces/Mongolia.uasset" 680
"C:/Users/keybl/OneDrive/Documents/unreal_risk_1.0/Content/RiskContent/BluePrints/Spaces/Mongolia.uexp" 681
"C:/Users/keybl/OneDrive/Documents/unreal_risk_1.0/Content/RiskContent/Models/Spaces/MiddleEast.uasset" 682
"C:/Users/keybl/OneDrive/Documents/unreal_risk_1.0/Content/RiskContent/Models/Spaces/MiddleEast.uexp" 683
"C:/Users/keybl/OneDrive/Documents/unreal_risk_1.0/Content/RiskContent/BluePrints/Spaces/MiddleEast.uasset" 684
"C:/Users/keybl/OneDrive/Documents/unreal_risk_1.0/Content/RiskContent/BluePrints/Spaces/MiddleEast.uexp" 685
"C:/Users/keybl/OneDrive/Documents/unreal_risk_1.0/Content/RiskContent/Models/Spaces/Madagascar.uasset" 686
"C:/Users/keybl/OneDrive/Documents/unreal_risk_1.0/Content/RiskContent/Models/Spaces/Madagascar.uexp" 687
"C:/Users/keybl/OneDrive/Documents/unreal_risk_1.0/Content/RiskContent/BluePrints/Spaces/Madagascar.uasset" 688
"C:/Users/keybl/OneDrive/Documents/unreal_risk_1.0/Content/RiskContent/BluePrints/Spaces/Madagascar.uexp" 689
"C:/Users/keybl/OneDrive/Documents/unreal_risk_1.0/Content/RiskContent/Models/Spaces/Kamchatka.uasset" 690
"C:/Users/keybl/OneDrive/Documents/unreal_risk_1.0/Content/RiskContent/Models/Spaces/Kamchatka.uexp" 691
"C:/Users/keybl/OneDrive/Documents/unreal_risk_1.0/Content/RiskContent/BluePrints/Spaces/Kamchatka.uasset" 692
"C:/Users/keybl/OneDrive/Documents/unreal_risk_1.0/Content/RiskContent/BluePrints/Spaces/Kamchatka.uexp" 693
"C:/Users/keybl/OneDrive/Documents/unreal_risk_1.0/Content/RiskContent/Models/Spaces/Japan.uasset" 694
"C:/Users/keybl/OneDrive/Documents/unreal_risk_1.0/Content/RiskContent/Models/Spaces/Japan.uexp" 695
"C:/Users/keybl/OneDrive/Documents/unreal_risk_1.0/Content/RiskContent/BluePrints/Spaces/Japan.uasset" 696
"C:/Users/keybl/OneDrive/Documents/unreal_risk_1.0/Content/RiskContent/BluePrints/Spaces/Japan.uexp" 697
"C:/Users/keybl/OneDrive/Documents/unreal_risk_1.0/Content/RiskContent/Models/Spaces/Irkutsk.uasset" 698
"C:/Users/keybl/OneDrive/Documents/unreal_risk_1.0/Content/RiskContent/Models/Spaces/Irkutsk.uexp" 699
"C:/Users/keybl/OneDrive/Documents/unreal_risk_1.0/Content/RiskContent/BluePrints/Spaces/Irkutsk.uasset" 700
"C:/Users/keybl/OneDrive/Documents/unreal_risk_1.0/Content/RiskContent/BluePrints/Spaces/Irkutsk.uexp" 701
"C:/Users/keybl/OneDrive/Documents/unreal_risk_1.0/Content/RiskContent/Models/Spaces/Indonesia.uasset" 702
"C:/Users/keybl/OneDrive/Documents/unreal_risk_1.0/Content/RiskContent/Models/Spaces/Indonesia.uexp" 703
"C:/Users/keybl/OneDrive/Documents/unreal_risk_1.0/Content/RiskContent/BluePrints/Spaces/Indonesia.uasset" 704
"C:/Users/keybl/OneDrive/Documents/unreal_risk_1.0/Content/RiskContent/BluePrints/Spaces/Indonesia.uexp" 705
"C:/Users/keybl/OneDrive/Documents/unreal_risk_1.0/Content/RiskContent/Models/Spaces/India.uasset" 706
"C:/Users/keybl/OneDrive/Documents/unreal_risk_1.0/Content/RiskContent/Models/Spaces/India.uexp" 707
"C:/Users/keybl/OneDrive/Documents/unreal_risk_1.0/Content/RiskContent/BluePrints/Spaces/India.uasset" 708
"C:/Users/keybl/OneDrive/Documents/unreal_risk_1.0/Content/RiskContent/BluePrints/Spaces/India.uexp" 709
"C:/Users/keybl/OneDrive/Documents/unreal_risk_1.0/Content/RiskContent/Models/Spaces/Iceland.uasset" 710
"C:/Users/keybl/OneDrive/Documents/unreal_risk_1.0/Content/RiskContent/Models/Spaces/Iceland.uexp" 711
"C:/Users/keybl/OneDrive/Documents/unreal_risk_1.0/Content/RiskContent/BluePrints/Spaces/Iceland.uasset" 712
"C:/Users/keybl/OneDrive/Documents/unreal_risk_1.0/Content/RiskContent/BluePrints/Spaces/Iceland.uexp" 713
"C:/Users/keybl/OneDrive/Documents/unreal_risk_1.0/Content/RiskContent/Models/Spaces/Greenland.uasset" 714
"C:/Users/keybl/OneDrive/Documents/unreal_risk_1.0/Content/RiskContent/Models/Spaces/Greenland.uexp" 715
"C:/Users/keybl/OneDrive/Documents/unreal_risk_1.0/Content/RiskContent/BluePrints/Spaces/Greenland.uasset" 716
"C:/Users/keybl/OneDrive/Documents/unreal_risk_1.0/Content/RiskContent/BluePrints/Spaces/Greenland.uexp" 717
"C:/Users/keybl/OneDrive/Documents/unreal_risk_1.0/Content/RiskContent/Models/Spaces/GreatBritain.uasset" 718
"C:/Users/keybl/OneDrive/Documents/unreal_risk_1.0/Content/RiskContent/Models/Spaces/GreatBritain.uexp" 719
"C:/Users/keybl/OneDrive/Documents/unreal_risk_1.0/Content/RiskContent/BluePrints/Spaces/GreatBritain.uasset" 720
"C:/Users/keybl/OneDrive/Documents/unreal_risk_1.0/Content/RiskContent/BluePrints/Spaces/GreatBritain.uexp" 721
"C:/Users/keybl/OneDrive/Documents/unreal_risk_1.0/Content/RiskContent/Models/Spaces/Egypt.uasset" 722
"C:/Users/keybl/OneDrive/Documents/unreal_risk_1.0/Content/RiskContent/Models/Spaces/Egypt.uexp" 723
"C:/Users/keybl/OneDrive/Documents/unreal_risk_1.0/Content/RiskContent/BluePrints/Spaces/Egypt.uasset" 724
"C:/Users/keybl/OneDrive/Documents/unreal_risk_1.0/Content/RiskContent/BluePrints/Spaces/Egypt.uexp" 725
"C:/Users/keybl/OneDrive/Documents/unreal_risk_1.0/Content/RiskContent/Models/Spaces/EastUS.uasset" 726
"C:/Users/keybl/OneDrive/Documents/unreal_risk_1.0/Content/RiskContent/Models/Spaces/EastUS.uexp" 727
"C:/Users/keybl/OneDrive/Documents/unreal_risk_1.0/Content/RiskContent/BluePrints/Spaces/EastUS.uasset" 728
"C:/Users/keybl/OneDrive/Documents/unreal_risk_1.0/Content/RiskContent/BluePrints/Spaces/EastUS.uexp" 729
"C:/Users/keybl/OneDrive/Documents/unreal_risk_1.0/Content/RiskContent/Models/Spaces/EastAustrailia.uasset" 730
"C:/Users/keybl/OneDrive/Documents/unreal_risk_1.0/Content/RiskContent/Models/Spaces/EastAustrailia.uexp" 731
"C:/Users/keybl/OneDrive/Documents/unreal_risk_1.0/Content/RiskContent/BluePrints/Spaces/EastAustrailia.uasset" 732
"C:/Users/keybl/OneDrive/Documents/unreal_risk_1.0/Content/RiskContent/BluePrints/Spaces/EastAustrailia.uexp" 733
"C:/Users/keybl/OneDrive/Documents/unreal_risk_1.0/Content/RiskContent/Models/Spaces/EastAfrica.uasset" 734
"C:/Users/keybl/OneDrive/Documents/unreal_risk_1.0/Content/RiskContent/Models/Spaces/EastAfrica.uexp" 735
"C:/Users/keybl/OneDrive/Documents/unreal_risk_1.0/Content/RiskContent/BluePrints/Spaces/EastAfrica.uasset" 736
"C:/Users/keybl/OneDrive/Documents/unreal_risk_1.0/Content/RiskContent/BluePrints/Spaces/EastAfrica.uexp" 737
"C:/Users/keybl/OneDrive/Documents/unreal_risk_1.0/Content/RiskContent/Models/Spaces/Congo.uasset" 738
"C:/Users/keybl/OneDrive/Documents/unreal_risk_1.0/Content/RiskContent/Models/Spaces/Congo.uexp" 739
"C:/Users/keybl/OneDrive/Documents/unreal_risk_1.0/Content/RiskContent/BluePrints/Spaces/Congo.uasset" 740
"C:/Users/keybl/OneDrive/Documents/unreal_risk_1.0/Content/RiskContent/BluePrints/Spaces/Congo.uexp" 741
"C:/Users/keybl/OneDrive/Documents/unreal_risk_1.0/Content/RiskContent/Models/Floor_400x400.uasset" 742
"C:/Users/keybl/OneDrive/Documents/unreal_risk_1.0/Content/RiskContent/Models/Floor_400x400.uexp" 743
"../../../Engine/Content/Functions/Engine_MaterialFunctions02/Utility/BlendAngleCorrectedNormals.uasset" 744
"../../../Engine/Content/Functions/Engine_MaterialFunctions02/Utility/BlendAngleCorrectedNormals.uexp" 745
"C:/Users/keybl/OneDrive/Documents/unreal_risk_1.0/Content/RiskContent/Images/Textures/T_Water_N.uasset" 746
"C:/Users/keybl/OneDrive/Documents/unreal_risk_1.0/Content/RiskContent/Images/Textures/T_Water_N.uexp" 747
"C:/Users/keybl/OneDrive/Documents/unreal_risk_1.0/Content/RiskContent/Images/Textures/T_Water_N.ubulk" 748
"C:/Users/keybl/OneDrive/Documents/unreal_risk_1.0/Content/RiskContent/Images/Textures/T_Water_M.uasset" 749
"C:/Users/keybl/OneDrive/Documents/unreal_risk_1.0/Content/RiskContent/Images/Textures/T_Water_M.uexp" 750
"C:/Users/keybl/OneDrive/Documents/unreal_risk_1.0/Content/RiskContent/Images/Textures/T_Water_M.ubulk" 751
"C:/Users/keybl/OneDrive/Documents/unreal_risk_1.0/Content/RiskContent/Images/Textures/T_Perlin_Noise_M.uasset" 752
"C:/Users/keybl/OneDrive/Documents/unreal_risk_1.0/Content/RiskContent/Images/Textures/T_Perlin_Noise_M.uexp" 753
"C:/Users/keybl/OneDrive/Documents/unreal_risk_1.0/Content/RiskContent/Images/Textures/T_Perlin_Noise_M.ubulk" 754
"C:/Users/keybl/OneDrive/Documents/unreal_risk_1.0/Content/RiskContent/Materials/M_Water_Ocean.uasset" 755
"C:/Users/keybl/OneDrive/Documents/unreal_risk_1.0/Content/RiskContent/Materials/M_Water_Ocean.uexp" 756
"C:/Users/keybl/OneDrive/Documents/unreal_risk_1.0/Content/RiskContent/Materials/M_Water_Lake.uasset" 757
"C:/Users/keybl/OneDrive/Documents/unreal_risk_1.0/Content/RiskContent/Materials/M_Water_Lake.uexp" 758
"C:/Users/keybl/OneDrive/Documents/unreal_risk_1.0/Content/RiskContent/BluePrints/Floor.uasset" 759
"C:/Users/keybl/OneDrive/Documents/unreal_risk_1.0/Content/RiskContent/BluePrints/Floor.uexp" 760
"C:/Users/keybl/OneDrive/Documents/unreal_risk_1.0/Content/RiskContent/Audio/Magical_Fantasy.uasset" 761
"C:/Users/keybl/OneDrive/Documents/unreal_risk_1.0/Content/RiskContent/Audio/Magical_Fantasy.uexp" 762
"C:/Users/keybl/OneDrive/Documents/unreal_risk_1.0/Content/RiskContent/Audio/Land_of_Mystery.uasset" 763
"C:/Users/keybl/OneDrive/Documents/unreal_risk_1.0/Content/RiskContent/Audio/Land_of_Mystery.uexp" 764
"C:/Users/keybl/OneDrive/Documents/unreal_risk_1.0/Content/RiskContent/Audio/Harp_of_Chronos.uasset" 765
"C:/Users/keybl/OneDrive/Documents/unreal_risk_1.0/Content/RiskContent/Audio/Harp_of_Chronos.uexp" 766
"C:/Users/keybl/OneDrive/Documents/unreal_risk_1.0/Content/RiskContent/Audio/Fantasy_Adventure.uasset" 767
"C:/Users/keybl/OneDrive/Documents/unreal_risk_1.0/Content/RiskContent/Audio/Fantasy_Adventure.uexp" 768
"C:/Users/keybl/OneDrive/Documents/unreal_risk_1.0/Content/RiskContent/Audio/Elven_Harmonies.uasset" 769
"C:/Users/keybl/OneDrive/Documents/unreal_risk_1.0/Content/RiskContent/Audio/Elven_Harmonies.uexp" 770
"C:/Users/keybl/OneDrive/Documents/unreal_risk_1.0/Content/RiskContent/Audio/Elven_Harmonies__no_percussion_.uasset" 771
"C:/Users/keybl/OneDrive/Documents/unreal_risk_1.0/Content/RiskContent/Audio/Elven_Harmonies__no_percussion_.uexp" 772
"C:/Users/keybl/OneDrive/Documents/unreal_risk_1.0/Content/RiskContent/Audio/Elven_Realm.uasset" 773
"C:/Users/keybl/OneDrive/Documents/unreal_risk_1.0/Content/RiskContent/Audio/Elven_Realm.uexp" 774
"C:/Users/keybl/OneDrive/Documents/unreal_risk_1.0/Content/RiskContent/Audio/Enchanted_Forest.uasset" 775
"C:/Users/keybl/OneDrive/Documents/unreal_risk_1.0/Content/RiskContent/Audio/Enchanted_Forest.uexp" 776
"C:/Users/keybl/OneDrive/Documents/unreal_risk_1.0/Content/RiskContent/Audio/Epic_Fantasy.uasset" 777
"C:/Users/keybl/OneDrive/Documents/unreal_risk_1.0/Content/RiskContent/Audio/Epic_Fantasy.uexp" 778
"C:/Users/keybl/OneDrive/Documents/unreal_risk_1.0/Content/RiskContent/Audio/RandomLoop_Cue.uasset" 779
"C:/Users/keybl/OneDrive/Documents/unreal_risk_1.0/Content/RiskContent/Audio/RandomLoop_Cue.uexp" 780
"C:/Users/keybl/OneDrive/Documents/unreal_risk_1.0/Content/RiskContent/Audio/Explosion02.uasset" 781
"C:/Users/keybl/OneDrive/Documents/unreal_risk_1.0/Content/RiskContent/Audio/Explosion02.uexp" 782
"C:/Users/keybl/OneDrive/Documents/unreal_risk_1.0/Content/RiskContent/Audio/Explosion01.uasset" 783
"C:/Users/keybl/OneDrive/Documents/unreal_risk_1.0/Content/RiskContent/Audio/Explosion01.uexp" 784
"C:/Users/keybl/OneDrive/Documents/unreal_risk_1.0/Content/RiskContent/Audio/Explosion_Cue.uasset" 785
"C:/Users/keybl/OneDrive/Documents/unreal_risk_1.0/Content/RiskContent/Audio/Explosion_Cue.uexp" 786
"C:/Users/keybl/OneDrive/Documents/unreal_risk_1.0/Content/RiskContent/BluePrints/Icons/Icon.uasset" 787
"C:/Users/keybl/OneDrive/Documents/unreal_risk_1.0/Content/RiskContent/BluePrints/Icons/Icon.uexp" 788
"C:/Users/keybl/OneDrive/Documents/unreal_risk_1.0/Content/RiskContent/BluePrints/Icons/Afghanistan_Icon.uasset" 789
"C:/Users/keybl/OneDrive/Documents/unreal_risk_1.0/Content/RiskContent/BluePrints/Icons/Afghanistan_Icon.uexp" 790
"C:/Users/keybl/OneDrive/Documents/unreal_risk_1.0/Content/RiskContent/BluePrints/MouseContoller.uasset" 791
"C:/Users/keybl/OneDrive/Documents/unreal_risk_1.0/Content/RiskContent/BluePrints/MouseContoller.uexp" 792
"C:/Users/keybl/OneDrive/Documents/unreal_risk_1.0/Content/RiskContent/BluePrints/InGameGameMode.uasset" 793
"C:/Users/keybl/OneDrive/Documents/unreal_risk_1.0/Content/RiskContent/BluePrints/InGameGameMode.uexp" 794
"C:/Users/keybl/OneDrive/Documents/unreal_risk_1.0/Content/RiskContent/BluePrints/Icons/Alaska_Icon.uasset" 795
"C:/Users/keybl/OneDrive/Documents/unreal_risk_1.0/Content/RiskContent/BluePrints/Icons/Alaska_Icon.uexp" 796
"C:/Users/keybl/OneDrive/Documents/unreal_risk_1.0/Content/RiskContent/BluePrints/Icons/Alberta_Icon.uasset" 797
"C:/Users/keybl/OneDrive/Documents/unreal_risk_1.0/Content/RiskContent/BluePrints/Icons/Alberta_Icon.uexp" 798
"C:/Users/keybl/OneDrive/Documents/unreal_risk_1.0/Content/RiskContent/BluePrints/Icons/Argentina_Icon.uasset" 799
"C:/Users/keybl/OneDrive/Documents/unreal_risk_1.0/Content/RiskContent/BluePrints/Icons/Argentina_Icon.uexp" 800
"C:/Users/keybl/OneDrive/Documents/unreal_risk_1.0/Content/RiskContent/BluePrints/Icons/Brazil_Icon.uasset" 801
"C:/Users/keybl/OneDrive/Documents/unreal_risk_1.0/Content/RiskContent/BluePrints/Icons/Brazil_Icon.uexp" 802
"C:/Users/keybl/OneDrive/Documents/unreal_risk_1.0/Content/RiskContent/BluePrints/Icons/NewGuinea_Icon.uasset" 803
"C:/Users/keybl/OneDrive/Documents/unreal_risk_1.0/Content/RiskContent/BluePrints/Icons/NewGuinea_Icon.uexp" 804
"C:/Users/keybl/OneDrive/Documents/unreal_risk_1.0/Content/RiskContent/BluePrints/Icons/CentralAmerica_Icon.uasset" 805
"C:/Users/keybl/OneDrive/Documents/unreal_risk_1.0/Content/RiskContent/BluePrints/Icons/CentralAmerica_Icon.uexp" 806
"C:/Users/keybl/OneDrive/Documents/unreal_risk_1.0/Content/RiskContent/BluePrints/Icons/China_Icon.uasset" 807
"C:/Users/keybl/OneDrive/Documents/unreal_risk_1.0/Content/RiskContent/BluePrints/Icons/China_Icon.uexp" 808
"C:/Users/keybl/OneDrive/Documents/unreal_risk_1.0/Content/RiskContent/BluePrints/Icons/Congo_Icon.uasset" 809
"C:/Users/keybl/OneDrive/Documents/unreal_risk_1.0/Content/RiskContent/BluePrints/Icons/Congo_Icon.uexp" 810
"C:/Users/keybl/OneDrive/Documents/unreal_risk_1.0/Content/RiskContent/BluePrints/Icons/EastAfrica_Icon.uasset" 811
"C:/Users/keybl/OneDrive/Documents/unreal_risk_1.0/Content/RiskContent/BluePrints/Icons/EastAfrica_Icon.uexp" 812
"C:/Users/keybl/OneDrive/Documents/unreal_risk_1.0/Content/RiskContent/BluePrints/Icons/EastAustrailia_Icon.uasset" 813
"C:/Users/keybl/OneDrive/Documents/unreal_risk_1.0/Content/RiskContent/BluePrints/Icons/EastAustrailia_Icon.uexp" 814
"C:/Users/keybl/OneDrive/Documents/unreal_risk_1.0/Content/RiskContent/BluePrints/Icons/EastUS_Icon.uasset" 815
"C:/Users/keybl/OneDrive/Documents/unreal_risk_1.0/Content/RiskContent/BluePrints/Icons/EastUS_Icon.uexp" 816
"C:/Users/keybl/OneDrive/Documents/unreal_risk_1.0/Content/RiskContent/BluePrints/Icons/Egypt_Icon.uasset" 817
"C:/Users/keybl/OneDrive/Documents/unreal_risk_1.0/Content/RiskContent/BluePrints/Icons/Egypt_Icon.uexp" 818
"C:/Users/keybl/OneDrive/Documents/unreal_risk_1.0/Content/RiskContent/BluePrints/Icons/GreatBritain_Icon.uasset" 819
"C:/Users/keybl/OneDrive/Documents/unreal_risk_1.0/Content/RiskContent/BluePrints/Icons/GreatBritain_Icon.uexp" 820
"C:/Users/keybl/OneDrive/Documents/unreal_risk_1.0/Content/RiskContent/BluePrints/Icons/Greenland_Icon.uasset" 821
"C:/Users/keybl/OneDrive/Documents/unreal_risk_1.0/Content/RiskContent/BluePrints/Icons/Greenland_Icon.uexp" 822
"C:/Users/keybl/OneDrive/Documents/unreal_risk_1.0/Content/RiskContent/BluePrints/Icons/Iceland_Icon.uasset" 823
"C:/Users/keybl/OneDrive/Documents/unreal_risk_1.0/Content/RiskContent/BluePrints/Icons/Iceland_Icon.uexp" 824
"C:/Users/keybl/OneDrive/Documents/unreal_risk_1.0/Content/RiskContent/BluePrints/Icons/India_Icon.uasset" 825
"C:/Users/keybl/OneDrive/Documents/unreal_risk_1.0/Content/RiskContent/BluePrints/Icons/India_Icon.uexp" 826
"C:/Users/keybl/OneDrive/Documents/unreal_risk_1.0/Content/RiskContent/BluePrints/Icons/Irkutsk_Icon.uasset" 827
"C:/Users/keybl/OneDrive/Documents/unreal_risk_1.0/Content/RiskContent/BluePrints/Icons/Irkutsk_Icon.uexp" 828
"C:/Users/keybl/OneDrive/Documents/unreal_risk_1.0/Content/RiskContent/BluePrints/Icons/Japan_Icon.uasset" 829
"C:/Users/keybl/OneDrive/Documents/unreal_risk_1.0/Content/RiskContent/BluePrints/Icons/Japan_Icon.uexp" 830
"C:/Users/keybl/OneDrive/Documents/unreal_risk_1.0/Content/RiskContent/BluePrints/Icons/Kamchatka_icon.uasset" 831
"C:/Users/keybl/OneDrive/Documents/unreal_risk_1.0/Content/RiskContent/BluePrints/Icons/Kamchatka_icon.uexp" 832
"C:/Users/keybl/OneDrive/Documents/unreal_risk_1.0/Content/RiskContent/BluePrints/Icons/Madagascar_Icon.uasset" 833
"C:/Users/keybl/OneDrive/Documents/unreal_risk_1.0/Content/RiskContent/BluePrints/Icons/Madagascar_Icon.uexp" 834
"C:/Users/keybl/OneDrive/Documents/unreal_risk_1.0/Content/RiskContent/BluePrints/Icons/MiddleEast_Icon.uasset" 835
"C:/Users/keybl/OneDrive/Documents/unreal_risk_1.0/Content/RiskContent/BluePrints/Icons/MiddleEast_Icon.uexp" 836
"C:/Users/keybl/OneDrive/Documents/unreal_risk_1.0/Content/RiskContent/BluePrints/Icons/Mongolia_Icon.uasset" 837
"C:/Users/keybl/OneDrive/Documents/unreal_risk_1.0/Content/RiskContent/BluePrints/Icons/Mongolia_Icon.uexp" 838
"C:/Users/keybl/OneDrive/Documents/unreal_risk_1.0/Content/RiskContent/BluePrints/Icons/NorthAfrica_Icon.uasset" 839
"C:/Users/keybl/OneDrive/Documents/unreal_risk_1.0/Content/RiskContent/BluePrints/Icons/NorthAfrica_Icon.uexp" 840
"C:/Users/keybl/OneDrive/Documents/unreal_risk_1.0/Content/RiskContent/BluePrints/Icons/NorthEurope_Icon.uasset" 841
"C:/Users/keybl/OneDrive/Documents/unreal_risk_1.0/Content/RiskContent/BluePrints/Icons/NorthEurope_Icon.uexp" 842
"C:/Users/keybl/OneDrive/Documents/unreal_risk_1.0/Content/RiskContent/BluePrints/Icons/NWTerritory_Icon.uasset" 843
"C:/Users/keybl/OneDrive/Documents/unreal_risk_1.0/Content/RiskContent/BluePrints/Icons/NWTerritory_Icon.uexp" 844
"C:/Users/keybl/OneDrive/Documents/unreal_risk_1.0/Content/RiskContent/BluePrints/Icons/Ontario_Icon.uasset" 845
"C:/Users/keybl/OneDrive/Documents/unreal_risk_1.0/Content/RiskContent/BluePrints/Icons/Ontario_Icon.uexp" 846
"C:/Users/keybl/OneDrive/Documents/unreal_risk_1.0/Content/RiskContent/BluePrints/Icons/Peru_Icon.uasset" 847
"C:/Users/keybl/OneDrive/Documents/unreal_risk_1.0/Content/RiskContent/BluePrints/Icons/Peru_Icon.uexp" 848
"C:/Users/keybl/OneDrive/Documents/unreal_risk_1.0/Content/RiskContent/BluePrints/Icons/Quebec_Icon.uasset" 849
"C:/Users/keybl/OneDrive/Documents/unreal_risk_1.0/Content/RiskContent/BluePrints/Icons/Quebec_Icon.uexp" 850
"C:/Users/keybl/OneDrive/Documents/unreal_risk_1.0/Content/RiskContent/BluePrints/Icons/Scandinavia_Icon.uasset" 851
"C:/Users/keybl/OneDrive/Documents/unreal_risk_1.0/Content/RiskContent/BluePrints/Icons/Scandinavia_Icon.uexp" 852
"C:/Users/keybl/OneDrive/Documents/unreal_risk_1.0/Content/RiskContent/BluePrints/Icons/Siam_Icon.uasset" 853
"C:/Users/keybl/OneDrive/Documents/unreal_risk_1.0/Content/RiskContent/BluePrints/Icons/Siam_Icon.uexp" 854
"C:/Users/keybl/OneDrive/Documents/unreal_risk_1.0/Content/RiskContent/BluePrints/Icons/Siberia_Icon.uasset" 855
"C:/Users/keybl/OneDrive/Documents/unreal_risk_1.0/Content/RiskContent/BluePrints/Icons/Siberia_Icon.uexp" 856
"C:/Users/keybl/OneDrive/Documents/unreal_risk_1.0/Content/RiskContent/BluePrints/Icons/SouthAfrica_icon.uasset" 857
"C:/Users/keybl/OneDrive/Documents/unreal_risk_1.0/Content/RiskContent/BluePrints/Icons/SouthAfrica_icon.uexp" 858
"C:/Users/keybl/OneDrive/Documents/unreal_risk_1.0/Content/RiskContent/BluePrints/Icons/SouthEurope_Icon.uasset" 859
"C:/Users/keybl/OneDrive/Documents/unreal_risk_1.0/Content/RiskContent/BluePrints/Icons/SouthEurope_Icon.uexp" 860
"C:/Users/keybl/OneDrive/Documents/unreal_risk_1.0/Content/RiskContent/BluePrints/Icons/Ukraine_Icon.uasset" 861
"C:/Users/keybl/OneDrive/Documents/unreal_risk_1.0/Content/RiskContent/BluePrints/Icons/Ukraine_Icon.uexp" 862
"C:/Users/keybl/OneDrive/Documents/unreal_risk_1.0/Content/RiskContent/BluePrints/Icons/Ural_icon.uasset" 863
"C:/Users/keybl/OneDrive/Documents/unreal_risk_1.0/Content/RiskContent/BluePrints/Icons/Ural_icon.uexp" 864
"C:/Users/keybl/OneDrive/Documents/unreal_risk_1.0/Content/RiskContent/BluePrints/Icons/Venezuela_Icon.uasset" 865
"C:/Users/keybl/OneDrive/Documents/unreal_risk_1.0/Content/RiskContent/BluePrints/Icons/Venezuela_Icon.uexp" 866
"C:/Users/keybl/OneDrive/Documents/unreal_risk_1.0/Content/RiskContent/BluePrints/Icons/WestAustrailia_Icon.uasset" 867
"C:/Users/keybl/OneDrive/Documents/unreal_risk_1.0/Content/RiskContent/BluePrints/Icons/WestAustrailia_Icon.uexp" 868
"C:/Users/keybl/OneDrive/Documents/unreal_risk_1.0/Content/RiskContent/BluePrints/Icons/WestEurope_Icon.uasset" 869
"C:/Users/keybl/OneDrive/Documents/unreal_risk_1.0/Content/RiskContent/BluePrints/Icons/WestEurope_Icon.uexp" 870
"C:/Users/keybl/OneDrive/Documents/unreal_risk_1.0/Content/RiskContent/BluePrints/Icons/Indonesia_icon.uasset" 871
"C:/Users/keybl/OneDrive/Documents/unreal_risk_1.0/Content/RiskContent/BluePrints/Icons/Indonesia_icon.uexp" 872
"C:/Users/keybl/OneDrive/Documents/unreal_risk_1.0/Content/RiskContent/BluePrints/Icons/WestUS_Icon.uasset" 873
"C:/Users/keybl/OneDrive/Documents/unreal_risk_1.0/Content/RiskContent/BluePrints/Icons/WestUS_Icon.uexp" 874
"C:/Users/keybl/OneDrive/Documents/unreal_risk_1.0/Content/RiskContent/BluePrints/Icons/Yakursk_Icon.uasset" 875
"C:/Users/keybl/OneDrive/Documents/unreal_risk_1.0/Content/RiskContent/BluePrints/Icons/Yakursk_Icon.uexp" 876
"C:/Users/keybl/OneDrive/Documents/unreal_risk_1.0/Content/RiskContent/Models/Spaces/Afghanistan.uasset" 877
"C:/Users/keybl/OneDrive/Documents/unreal_risk_1.0/Content/RiskContent/Models/Spaces/Afghanistan.uexp" 878
"C:/Users/keybl/OneDrive/Documents/unreal_risk_1.0/Content/RiskContent/BluePrints/Spaces/Afghanistan.uasset" 879
"C:/Users/keybl/OneDrive/Documents/unreal_risk_1.0/Content/RiskContent/BluePrints/Spaces/Afghanistan.uexp" 880
"C:/Users/keybl/OneDrive/Documents/unreal_risk_1.0/Content/RiskContent/Models/Spaces/Alaska.uasset" 881
"C:/Users/keybl/OneDrive/Documents/unreal_risk_1.0/Content/RiskContent/Models/Spaces/Alaska.uexp" 882
"C:/Users/keybl/OneDrive/Documents/unreal_risk_1.0/Content/RiskContent/BluePrints/Spaces/Alaska.uasset" 883
"C:/Users/keybl/OneDrive/Documents/unreal_risk_1.0/Content/RiskContent/BluePrints/Spaces/Alaska.uexp" 884
"C:/Users/keybl/OneDrive/Documents/unreal_risk_1.0/Content/RiskContent/Models/Spaces/China.uasset" 885
"C:/Users/keybl/OneDrive/Documents/unreal_risk_1.0/Content/RiskContent/Models/Spaces/China.uexp" 886
"C:/Users/keybl/OneDrive/Documents/unreal_risk_1.0/Content/RiskContent/BluePrints/Spaces/China.uasset" 887
"C:/Users/keybl/OneDrive/Documents/unreal_risk_1.0/Content/RiskContent/BluePrints/Spaces/China.uexp" 888
"C:/Users/keybl/OneDrive/Documents/unreal_risk_1.0/Content/RiskContent/Models/Spaces/CentralAmerica.uasset" 889
"C:/Users/keybl/OneDrive/Documents/unreal_risk_1.0/Content/RiskContent/Models/Spaces/CentralAmerica.uexp" 890
"C:/Users/keybl/OneDrive/Documents/unreal_risk_1.0/Content/RiskContent/BluePrints/Spaces/CentralAmerica.uasset" 891
"C:/Users/keybl/OneDrive/Documents/unreal_risk_1.0/Content/RiskContent/BluePrints/Spaces/CentralAmerica.uexp" 892
"C:/Users/keybl/OneDrive/Documents/unreal_risk_1.0/Content/RiskContent/Models/Spaces/Brazil.uasset" 893
"C:/Users/keybl/OneDrive/Documents/unreal_risk_1.0/Content/RiskContent/Models/Spaces/Brazil.uexp" 894
"C:/Users/keybl/OneDrive/Documents/unreal_risk_1.0/Content/RiskContent/BluePrints/Spaces/Brazil.uasset" 895
"C:/Users/keybl/OneDrive/Documents/unreal_risk_1.0/Content/RiskContent/BluePrints/Spaces/Brazil.uexp" 896
"C:/Users/keybl/OneDrive/Documents/unreal_risk_1.0/Content/RiskContent/Models/Spaces/Argentina.uasset" 897
"C:/Users/keybl/OneDrive/Documents/unreal_risk_1.0/Content/RiskContent/Models/Spaces/Argentina.uexp" 898
"C:/Users/keybl/OneDrive/Documents/unreal_risk_1.0/Content/RiskContent/BluePrints/Spaces/Argentina.uasset" 899
"C:/Users/keybl/OneDrive/Documents/unreal_risk_1.0/Content/RiskContent/BluePrints/Spaces/Argentina.uexp" 900
"C:/Users/keybl/OneDrive/Documents/unreal_risk_1.0/Content/RiskContent/Models/Spaces/Alberta.uasset" 901
"C:/Users/keybl/OneDrive/Documents/unreal_risk_1.0/Content/RiskContent/Models/Spaces/Alberta.uexp" 902
"C:/Users/keybl/OneDrive/Documents/unreal_risk_1.0/Content/RiskContent/BluePrints/Spaces/Alberta.uasset" 903
"C:/Users/keybl/OneDrive/Documents/unreal_risk_1.0/Content/RiskContent/BluePrints/Spaces/Alberta.uexp" 904
"C:/Users/keybl/OneDrive/Documents/unreal_risk_1.0/Content/RiskContent/Maps/DefaultGameMap.uexp" 905
"C:/Users/keybl/OneDrive/Documents/unreal_risk_1.0/Content/RiskContent/Maps/DefaultGameMap.umap" 906
"C:/Users/keybl/OneDrive/Documents/unreal_risk_1.0/Content/RiskContent/Maps/MainMenuMap_BuiltData.uasset" 907
"C:/Users/keybl/OneDrive/Documents/unreal_risk_1.0/Content/RiskContent/Maps/MainMenuMap_BuiltData.uexp" 908
"C:/Users/keybl/OneDrive/Documents/unreal_risk_1.0/Content/RiskContent/UMG/RulesWidget.uasset" 909
"C:/Users/keybl/OneDrive/Documents/unreal_risk_1.0/Content/RiskContent/UMG/RulesWidget.uexp" 910
"C:/Users/keybl/OneDrive/Documents/unreal_risk_1.0/Content/RiskContent/UMG/NewGameMenuWidget.uasset" 911
"C:/Users/keybl/OneDrive/Documents/unreal_risk_1.0/Content/RiskContent/UMG/NewGameMenuWidget.uexp" 912
"C:/Users/keybl/OneDrive/Documents/unreal_risk_1.0/Content/RiskContent/UMG/MusicSettingWidget.uasset" 913
"C:/Users/keybl/OneDrive/Documents/unreal_risk_1.0/Content/RiskContent/UMG/MusicSettingWidget.uexp" 914
"C:/Users/keybl/OneDrive/Documents/unreal_risk_1.0/Content/RiskContent/UMG/CreditsWidget.uasset" 915
"C:/Users/keybl/OneDrive/Documents/unreal_risk_1.0/Content/RiskContent/UMG/CreditsWidget.uexp" 916
"C:/Users/keybl/OneDrive/Documents/unreal_risk_1.0/Content/RiskContent/Images/Logo.uasset" 917
"C:/Users/keybl/OneDrive/Documents/unreal_risk_1.0/Content/RiskContent/Images/Logo.uexp" 918
"C:/Users/keybl/OneDrive/Documents/unreal_risk_1.0/Content/RiskContent/UMG/MainMenuWidget.uasset" 919
"C:/Users/keybl/OneDrive/Documents/unreal_risk_1.0/Content/RiskContent/UMG/MainMenuWidget.uexp" 920
"C:/Users/keybl/OneDrive/Documents/unreal_risk_1.0/Content/RiskContent/BluePrints/MenuGameMode.uasset" 921
"C:/Users/keybl/OneDrive/Documents/unreal_risk_1.0/Content/RiskContent/BluePrints/MenuGameMode.uexp" 922
"C:/Users/keybl/OneDrive/Documents/unreal_risk_1.0/Content/RiskContent/Maps/MainMenuMap.uexp" 923
"C:/Users/keybl/OneDrive/Documents/unreal_risk_1.0/Content/RiskContent/Maps/MainMenuMap.umap" 924
"../../../Engine/Content/Maps/Entry_BuiltData.uasset" 925
"../../../Engine/Content/Maps/Entry_BuiltData.uexp" 926
"../../../Engine/Content/Maps/Entry.uexp" 927
"../../../Engine/Content/Maps/Entry.umap" 928
